2.200000000000000000e+01 2.100000000000000000e+01 2.200000000000000000e+01 2.300000000000000000e+01 2.000000000000000000e+01 2.100000000000000000e+01 1.224000000000000000e+03
2.200000000000000000e+01 2.000000000000000000e+01 2.000000000000000000e+01 2.200000000000000000e+01 2.100000000000000000e+01 2.200000000000000000e+01 1.223000000000000000e+03
2.300000000000000000e+01 2.000000000000000000e+01 2.200000000000000000e+01 2.000000000000000000e+01 2.100000000000000000e+01 2.400000000000000000e+01 1.024000000000000000e+03
2.200000000000000000e+01 2.100000000000000000e+01 2.100000000000000000e+01 2.100000000000000000e+01 2.300000000000000000e+01 2.100000000000000000e+01 1.224000000000000000e+03
2.100000000000000000e+01 2.200000000000000000e+01 2.000000000000000000e+01 2.000000000000000000e+01 2.200000000000000000e+01 2.200000000000000000e+01 1.024000000000000000e+03
2.100000000000000000e+01 2.300000000000000000e+01 1.900000000000000000e+01 2.100000000000000000e+01 2.100000000000000000e+01 2.100000000000000000e+01 1.424000000000000000e+03
2.100000000000000000e+01 2.000000000000000000e+01 2.100000000000000000e+01 2.100000000000000000e+01 2.300000000000000000e+01 2.400000000000000000e+01 1.424000000000000000e+03
2.200000000000000000e+01 2.000000000000000000e+01 2.100000000000000000e+01 2.100000000000000000e+01 2.200000000000000000e+01 2.200000000000000000e+01 8.240000000000000000e+02
2.200000000000000000e+01 2.000000000000000000e+01 2.100000000000000000e+01 2.200000000000000000e+01 2.400000000000000000e+01 2.100000000000000000e+01 1.622000000000000000e+03
2.400000000000000000e+01 1.900000000000000000e+01 2.300000000000000000e+01 1.900000000000000000e+01 2.300000000000000000e+01 2.300000000000000000e+01 8.240000000000000000e+02
2.200000000000000000e+01 2.100000000000000000e+01 2.100000000000000000e+01 2.000000000000000000e+01 2.200000000000000000e+01 2.300000000000000000e+01 1.423000000000000000e+03
2.200000000000000000e+01 1.900000000000000000e+01 2.000000000000000000e+01 2.100000000000000000e+01 2.300000000000000000e+01 2.400000000000000000e+01 6.230000000000000000e+02
2.200000000000000000e+01 1.900000000000000000e+01 2.200000000000000000e+01 1.900000000000000000e+01 2.300000000000000000e+01 2.100000000000000000e+01 1.023000000000000000e+03
2.200000000000000000e+01 2.100000000000000000e+01 2.100000000000000000e+01 2.100000000000000000e+01 2.000000000000000000e+01 2.200000000000000000e+01 1.421000000000000000e+03
2.100000000000000000e+01 2.000000000000000000e+01 2.200000000000000000e+01 2.100000000000000000e+01 2.400000000000000000e+01 2.300000000000000000e+01 8.240000000000000000e+02
2.100000000000000000e+01 2.000000000000000000e+01 2.000000000000000000e+01 2.200000000000000000e+01 2.200000000000000000e+01 2.300000000000000000e+01 1.222000000000000000e+03
2.100000000000000000e+01 2.000000000000000000e+01 2.000000000000000000e+01 2.200000000000000000e+01 2.300000000000000000e+01 2.400000000000000000e+01 1.222000000000000000e+03
2.100000000000000000e+01 2.100000000000000000e+01 2.100000000000000000e+01 2.300000000000000000e+01 2.200000000000000000e+01 2.100000000000000000e+01 8.240000000000000000e+02
2.100000000000000000e+01 2.100000000000000000e+01 2.100000000000000000e+01 2.000000000000000000e+01 2.200000000000000000e+01 2.100000000000000000e+01 1.424000000000000000e+03
2.100000000000000000e+01 2.100000000000000000e+01 2.000000000000000000e+01 2.300000000000000000e+01 2.200000000000000000e+01 2.300000000000000000e+01 8.240000000000000000e+02
2.200000000000000000e+01 2.100000000000000000e+01 1.800000000000000000e+01 1.900000000000000000e+01 2.100000000000000000e+01 2.300000000000000000e+01 1.024000000000000000e+03
2.200000000000000000e+01 2.000000000000000000e+01 2.000000000000000000e+01 2.000000000000000000e+01 2.300000000000000000e+01 2.400000000000000000e+01 1.024000000000000000e+03
2.200000000000000000e+01 2.000000000000000000e+01 2.000000000000000000e+01 2.000000000000000000e+01 2.300000000000000000e+01 2.000000000000000000e+01 1.224000000000000000e+03
2.300000000000000000e+01 2.000000000000000000e+01 2.100000000000000000e+01 2.200000000000000000e+01 2.100000000000000000e+01 2.300000000000000000e+01 1.424000000000000000e+03
2.200000000000000000e+01 2.000000000000000000e+01 1.900000000000000000e+01 2.300000000000000000e+01 2.400000000000000000e+01 2.100000000000000000e+01 1.424000000000000000e+03
2.100000000000000000e+01 1.900000000000000000e+01 1.900000000000000000e+01 2.200000000000000000e+01 2.300000000000000000e+01 2.300000000000000000e+01 1.024000000000000000e+03
2.200000000000000000e+01 1.900000000000000000e+01 2.100000000000000000e+01 2.100000000000000000e+01 2.200000000000000000e+01 2.300000000000000000e+01 1.422000000000000000e+03
2.200000000000000000e+01 1.900000000000000000e+01 2.100000000000000000e+01 2.200000000000000000e+01 2.200000000000000000e+01 2.100000000000000000e+01 1.023000000000000000e+03
2.300000000000000000e+01 2.100000000000000000e+01 2.300000000000000000e+01 2.200000000000000000e+01 2.200000000000000000e+01 2.300000000000000000e+01 1.023000000000000000e+03
2.200000000000000000e+01 2.100000000000000000e+01 2.000000000000000000e+01 2.200000000000000000e+01 2.000000000000000000e+01 2.300000000000000000e+01 1.021000000000000000e+03
2.200000000000000000e+01 2.100000000000000000e+01 2.000000000000000000e+01 2.100000000000000000e+01 2.100000000000000000e+01 2.400000000000000000e+01 8.240000000000000000e+02
2.100000000000000000e+01 1.900000000000000000e+01 2.200000000000000000e+01 2.100000000000000000e+01 2.200000000000000000e+01 2.000000000000000000e+01 1.424000000000000000e+03
2.200000000000000000e+01 1.900000000000000000e+01 2.000000000000000000e+01 2.200000000000000000e+01 2.300000000000000000e+01 2.200000000000000000e+01 1.024000000000000000e+03
2.200000000000000000e+01 1.900000000000000000e+01 2.200000000000000000e+01 2.200000000000000000e+01 2.300000000000000000e+01 2.200000000000000000e+01 1.021000000000000000e+03
2.200000000000000000e+01 2.200000000000000000e+01 1.800000000000000000e+01 1.800000000000000000e+01 2.400000000000000000e+01 2.100000000000000000e+01 1.024000000000000000e+03
2.200000000000000000e+01 2.100000000000000000e+01 2.100000000000000000e+01 2.100000000000000000e+01 2.200000000000000000e+01 2.100000000000000000e+01 1.423000000000000000e+03
2.100000000000000000e+01 1.900000000000000000e+01 2.100000000000000000e+01 2.000000000000000000e+01 2.200000000000000000e+01 2.200000000000000000e+01 1.424000000000000000e+03
2.100000000000000000e+01 2.000000000000000000e+01 2.100000000000000000e+01 1.900000000000000000e+01 2.200000000000000000e+01 2.300000000000000000e+01 1.224000000000000000e+03
2.100000000000000000e+01 2.100000000000000000e+01 2.200000000000000000e+01 2.200000000000000000e+01 2.000000000000000000e+01 2.300000000000000000e+01 1.623000000000000000e+03
2.200000000000000000e+01 2.000000000000000000e+01 1.900000000000000000e+01 2.300000000000000000e+01 2.100000000000000000e+01 2.100000000000000000e+01 1.023000000000000000e+03
2.000000000000000000e+01 1.800000000000000000e+01 2.000000000000000000e+01 2.100000000000000000e+01 2.100000000000000000e+01 2.200000000000000000e+01 1.223000000000000000e+03
2.200000000000000000e+01 2.200000000000000000e+01 2.000000000000000000e+01 2.000000000000000000e+01 2.200000000000000000e+01 2.300000000000000000e+01 1.222000000000000000e+03
2.200000000000000000e+01 2.100000000000000000e+01 2.100000000000000000e+01 2.200000000000000000e+01 2.200000000000000000e+01 2.400000000000000000e+01 1.223000000000000000e+03
2.100000000000000000e+01 2.000000000000000000e+01 2.000000000000000000e+01 2.200000000000000000e+01 2.200000000000000000e+01 2.300000000000000000e+01 1.223000000000000000e+03
2.300000000000000000e+01 2.100000000000000000e+01 2.000000000000000000e+01 2.100000000000000000e+01 2.100000000000000000e+01 2.300000000000000000e+01 1.023000000000000000e+03
2.000000000000000000e+01 1.900000000000000000e+01 2.100000000000000000e+01 2.100000000000000000e+01 2.200000000000000000e+01 2.300000000000000000e+01 1.223000000000000000e+03
2.100000000000000000e+01 2.000000000000000000e+01 2.200000000000000000e+01 2.000000000000000000e+01 2.000000000000000000e+01 2.100000000000000000e+01 1.224000000000000000e+03
2.200000000000000000e+01 2.300000000000000000e+01 1.900000000000000000e+01 2.000000000000000000e+01 2.100000000000000000e+01 2.200000000000000000e+01 1.024000000000000000e+03
2.100000000000000000e+01 2.100000000000000000e+01 2.100000000000000000e+01 2.200000000000000000e+01 2.200000000000000000e+01 2.200000000000000000e+01 1.024000000000000000e+03
2.300000000000000000e+01 2.000000000000000000e+01 2.000000000000000000e+01 2.000000000000000000e+01 2.100000000000000000e+01 2.200000000000000000e+01 1.424000000000000000e+03
