2.400000000000000000e+01 2.300000000000000000e+01 2.200000000000000000e+01 2.300000000000000000e+01 2.240000000000000000e+02 4.823000000000000000e+03 4.824000000000000000e+03 5.223000000000000000e+03 5.423000000000000000e+03
2.300000000000000000e+01 2.100000000000000000e+01 2.200000000000000000e+01 2.400000000000000000e+01 4.230000000000000000e+02 1.624000000000000000e+03 4.621000000000000000e+03 5.822000000000000000e+03 4.424000000000000000e+03
2.400000000000000000e+01 2.300000000000000000e+01 2.400000000000000000e+01 2.300000000000000000e+01 2.400000000000000000e+01 2.823000000000000000e+03 5.417000000000000000e+03 4.823000000000000000e+03 5.622000000000000000e+03
2.200000000000000000e+01 2.300000000000000000e+01 2.300000000000000000e+01 2.230000000000000000e+02 2.300000000000000000e+01 4.422000000000000000e+03 5.423000000000000000e+03 5.224000000000000000e+03 4.422000000000000000e+03
2.300000000000000000e+01 2.300000000000000000e+01 2.300000000000000000e+01 2.400000000000000000e+01 2.230000000000000000e+02 5.621000000000000000e+03 4.423000000000000000e+03 5.022000000000000000e+03 5.022000000000000000e+03
2.300000000000000000e+01 2.000000000000000000e+01 2.400000000000000000e+01 2.300000000000000000e+01 4.240000000000000000e+02 2.823000000000000000e+03 4.823000000000000000e+03 4.424000000000000000e+03 4.423000000000000000e+03
2.300000000000000000e+01 2.300000000000000000e+01 2.200000000000000000e+01 2.240000000000000000e+02 2.240000000000000000e+02 3.024000000000000000e+03 5.223000000000000000e+03 5.621000000000000000e+03 5.623000000000000000e+03
2.300000000000000000e+01 2.200000000000000000e+01 2.200000000000000000e+01 2.300000000000000000e+01 2.240000000000000000e+02 4.024000000000000000e+03 4.623000000000000000e+03 4.424000000000000000e+03 4.023000000000000000e+03
2.100000000000000000e+01 2.300000000000000000e+01 2.400000000000000000e+01 2.240000000000000000e+02 2.400000000000000000e+01 4.822000000000000000e+03 4.623000000000000000e+03 5.823000000000000000e+03 5.821000000000000000e+03
2.300000000000000000e+01 2.300000000000000000e+01 2.200000000000000000e+01 2.400000000000000000e+01 4.230000000000000000e+02 4.224000000000000000e+03 4.621000000000000000e+03 5.422000000000000000e+03 5.222000000000000000e+03
2.300000000000000000e+01 2.300000000000000000e+01 2.100000000000000000e+01 2.200000000000000000e+01 6.220000000000000000e+02 5.024000000000000000e+03 5.823000000000000000e+03 4.223000000000000000e+03 4.820000000000000000e+03
2.200000000000000000e+01 2.400000000000000000e+01 2.400000000000000000e+01 2.300000000000000000e+01 2.400000000000000000e+01 3.821000000000000000e+03 3.824000000000000000e+03 4.623000000000000000e+03 5.820000000000000000e+03
2.300000000000000000e+01 2.300000000000000000e+01 2.300000000000000000e+01 2.200000000000000000e+01 6.210000000000000000e+02 3.421000000000000000e+03 4.424000000000000000e+03 3.424000000000000000e+03 4.624000000000000000e+03
2.400000000000000000e+01 2.400000000000000000e+01 2.300000000000000000e+01 2.300000000000000000e+01 2.240000000000000000e+02 4.624000000000000000e+03 5.023000000000000000e+03 5.622000000000000000e+03 4.824000000000000000e+03
2.400000000000000000e+01 2.400000000000000000e+01 2.200000000000000000e+01 2.400000000000000000e+01 2.240000000000000000e+02 2.824000000000000000e+03 4.624000000000000000e+03 5.223000000000000000e+03 4.222000000000000000e+03
2.300000000000000000e+01 2.400000000000000000e+01 2.300000000000000000e+01 2.200000000000000000e+01 2.240000000000000000e+02 1.824000000000000000e+03 5.023000000000000000e+03 4.424000000000000000e+03 4.424000000000000000e+03
2.300000000000000000e+01 2.300000000000000000e+01 2.400000000000000000e+01 2.300000000000000000e+01 2.240000000000000000e+02 2.424000000000000000e+03 4.622000000000000000e+03 5.021000000000000000e+03 5.216000000000000000e+03
2.200000000000000000e+01 2.400000000000000000e+01 2.300000000000000000e+01 2.200000000000000000e+01 2.210000000000000000e+02 4.623000000000000000e+03 4.224000000000000000e+03 4.820000000000000000e+03 5.221000000000000000e+03
2.400000000000000000e+01 2.200000000000000000e+01 2.400000000000000000e+01 2.300000000000000000e+01 2.400000000000000000e+01 4.621000000000000000e+03 5.822000000000000000e+03 6.021000000000000000e+03 5.424000000000000000e+03
2.100000000000000000e+01 2.200000000000000000e+01 2.200000000000000000e+01 2.400000000000000000e+01 2.300000000000000000e+01 5.224000000000000000e+03 5.022000000000000000e+03 4.224000000000000000e+03 5.422000000000000000e+03
2.200000000000000000e+01 2.300000000000000000e+01 2.400000000000000000e+01 2.240000000000000000e+02 2.400000000000000000e+01 4.623000000000000000e+03 4.223000000000000000e+03 5.423000000000000000e+03 5.020000000000000000e+03
2.300000000000000000e+01 2.100000000000000000e+01 2.100000000000000000e+01 2.300000000000000000e+01 2.300000000000000000e+01 5.422000000000000000e+03 4.423000000000000000e+03 4.821000000000000000e+03 5.624000000000000000e+03
2.400000000000000000e+01 2.000000000000000000e+01 2.300000000000000000e+01 2.200000000000000000e+01 2.200000000000000000e+02 3.023000000000000000e+03 3.624000000000000000e+03 4.622000000000000000e+03 4.221000000000000000e+03
2.400000000000000000e+01 2.000000000000000000e+01 2.300000000000000000e+01 2.300000000000000000e+01 2.400000000000000000e+01 4.223000000000000000e+03 4.423000000000000000e+03 4.823000000000000000e+03 4.423000000000000000e+03
2.400000000000000000e+01 2.300000000000000000e+01 2.400000000000000000e+01 2.400000000000000000e+01 2.230000000000000000e+02 2.224000000000000000e+03 6.224000000000000000e+03 4.623000000000000000e+03 4.822000000000000000e+03
2.300000000000000000e+01 2.400000000000000000e+01 2.300000000000000000e+01 2.300000000000000000e+01 6.240000000000000000e+02 3.823000000000000000e+03 4.223000000000000000e+03 4.619000000000000000e+03 5.420000000000000000e+03
2.300000000000000000e+01 2.300000000000000000e+01 2.300000000000000000e+01 2.300000000000000000e+01 6.240000000000000000e+02 3.423000000000000000e+03 5.222000000000000000e+03 5.417000000000000000e+03 5.222000000000000000e+03
2.300000000000000000e+01 2.300000000000000000e+01 2.300000000000000000e+01 1.900000000000000000e+01 4.230000000000000000e+02 3.623000000000000000e+03 4.023000000000000000e+03 5.223000000000000000e+03 4.624000000000000000e+03
2.200000000000000000e+01 2.100000000000000000e+01 2.400000000000000000e+01 2.200000000000000000e+01 2.230000000000000000e+02 3.224000000000000000e+03 5.422000000000000000e+03 5.421000000000000000e+03 5.422000000000000000e+03
2.300000000000000000e+01 2.300000000000000000e+01 2.300000000000000000e+01 2.300000000000000000e+01 2.230000000000000000e+02 2.624000000000000000e+03 5.419000000000000000e+03 5.024000000000000000e+03 4.623000000000000000e+03
2.100000000000000000e+01 2.200000000000000000e+01 2.200000000000000000e+01 2.400000000000000000e+01 2.220000000000000000e+02 4.823000000000000000e+03 5.424000000000000000e+03 4.623000000000000000e+03 4.824000000000000000e+03
2.300000000000000000e+01 2.400000000000000000e+01 2.400000000000000000e+01 2.300000000000000000e+01 4.240000000000000000e+02 2.622000000000000000e+03 4.624000000000000000e+03 5.422000000000000000e+03 4.023000000000000000e+03
2.200000000000000000e+01 1.900000000000000000e+01 2.300000000000000000e+01 2.400000000000000000e+01 6.220000000000000000e+02 2.223000000000000000e+03 4.424000000000000000e+03 4.824000000000000000e+03 4.422000000000000000e+03
2.200000000000000000e+01 2.300000000000000000e+01 2.300000000000000000e+01 2.100000000000000000e+01 6.220000000000000000e+02 4.222000000000000000e+03 3.622000000000000000e+03 4.424000000000000000e+03 4.621000000000000000e+03
2.400000000000000000e+01 2.200000000000000000e+01 2.300000000000000000e+01 2.400000000000000000e+01 2.240000000000000000e+02 2.424000000000000000e+03 5.624000000000000000e+03 4.622000000000000000e+03 4.424000000000000000e+03
2.200000000000000000e+01 2.100000000000000000e+01 2.300000000000000000e+01 2.300000000000000000e+01 2.240000000000000000e+02 4.824000000000000000e+03 3.622000000000000000e+03 4.022000000000000000e+03 6.021000000000000000e+03
2.400000000000000000e+01 2.400000000000000000e+01 2.400000000000000000e+01 2.300000000000000000e+01 2.240000000000000000e+02 2.423000000000000000e+03 5.223000000000000000e+03 4.824000000000000000e+03 4.020000000000000000e+03
2.100000000000000000e+01 2.400000000000000000e+01 2.100000000000000000e+01 2.300000000000000000e+01 2.200000000000000000e+01 4.223000000000000000e+03 5.022000000000000000e+03 4.823000000000000000e+03 5.623000000000000000e+03
2.100000000000000000e+01 2.300000000000000000e+01 2.000000000000000000e+01 2.200000000000000000e+01 4.240000000000000000e+02 4.623000000000000000e+03 4.818000000000000000e+03 4.224000000000000000e+03 5.423000000000000000e+03
2.200000000000000000e+01 2.300000000000000000e+01 2.300000000000000000e+01 2.300000000000000000e+01 2.300000000000000000e+01 2.823000000000000000e+03 4.821000000000000000e+03 5.224000000000000000e+03 4.824000000000000000e+03
2.400000000000000000e+01 2.300000000000000000e+01 2.300000000000000000e+01 2.300000000000000000e+01 2.230000000000000000e+02 4.021000000000000000e+03 4.822000000000000000e+03 4.823000000000000000e+03 5.623000000000000000e+03
2.300000000000000000e+01 2.200000000000000000e+01 2.300000000000000000e+01 2.400000000000000000e+01 2.240000000000000000e+02 3.224000000000000000e+03 5.419000000000000000e+03 5.222000000000000000e+03 5.623000000000000000e+03
2.200000000000000000e+01 2.100000000000000000e+01 2.400000000000000000e+01 2.400000000000000000e+01 2.400000000000000000e+01 2.022000000000000000e+03 4.623000000000000000e+03 4.620000000000000000e+03 4.224000000000000000e+03
2.300000000000000000e+01 2.100000000000000000e+01 2.400000000000000000e+01 2.200000000000000000e+01 6.240000000000000000e+02 4.823000000000000000e+03 4.024000000000000000e+03 4.024000000000000000e+03 4.024000000000000000e+03
2.300000000000000000e+01 2.400000000000000000e+01 2.300000000000000000e+01 2.200000000000000000e+01 2.300000000000000000e+01 5.222000000000000000e+03 5.219000000000000000e+03 5.624000000000000000e+03 4.423000000000000000e+03
2.300000000000000000e+01 2.200000000000000000e+01 2.300000000000000000e+01 2.400000000000000000e+01 4.240000000000000000e+02 2.623000000000000000e+03 4.423000000000000000e+03 4.023000000000000000e+03 5.222000000000000000e+03
2.400000000000000000e+01 2.200000000000000000e+01 2.200000000000000000e+01 2.300000000000000000e+01 4.230000000000000000e+02 5.423000000000000000e+03 3.623000000000000000e+03 4.424000000000000000e+03 4.423000000000000000e+03
2.400000000000000000e+01 2.300000000000000000e+01 2.300000000000000000e+01 2.400000000000000000e+01 2.240000000000000000e+02 3.622000000000000000e+03 5.224000000000000000e+03 4.824000000000000000e+03 4.423000000000000000e+03
2.300000000000000000e+01 2.400000000000000000e+01 2.100000000000000000e+01 2.300000000000000000e+01 2.230000000000000000e+02 5.020000000000000000e+03 5.023000000000000000e+03 5.222000000000000000e+03 5.622000000000000000e+03
2.300000000000000000e+01 2.300000000000000000e+01 2.200000000000000000e+01 2.400000000000000000e+01 2.230000000000000000e+02 4.023000000000000000e+03 5.823000000000000000e+03 4.222000000000000000e+03 4.824000000000000000e+03
