2.210000000000000000e+02 1.900000000000000000e+01 1.600000000000000000e+01 1.700000000000000000e+01 1.700000000000000000e+01 1.400000000000000000e+01 1.500000000000000000e+01 1.800000000000000000e+01 1.800000000000000000e+01
2.200000000000000000e+02 1.800000000000000000e+01 1.600000000000000000e+01 1.400000000000000000e+01 1.600000000000000000e+01 1.600000000000000000e+01 1.400000000000000000e+01 1.600000000000000000e+01 1.700000000000000000e+01
1.900000000000000000e+01 1.800000000000000000e+01 1.500000000000000000e+01 1.500000000000000000e+01 1.500000000000000000e+01 1.500000000000000000e+01 1.600000000000000000e+01 1.500000000000000000e+01 1.700000000000000000e+01
2.180000000000000000e+02 1.800000000000000000e+01 1.400000000000000000e+01 1.600000000000000000e+01 1.600000000000000000e+01 1.500000000000000000e+01 1.600000000000000000e+01 1.700000000000000000e+01 1.700000000000000000e+01
1.900000000000000000e+01 1.700000000000000000e+01 1.900000000000000000e+01 1.500000000000000000e+01 1.600000000000000000e+01 1.600000000000000000e+01 1.600000000000000000e+01 1.600000000000000000e+01 1.800000000000000000e+01
2.000000000000000000e+01 1.800000000000000000e+01 1.600000000000000000e+01 1.700000000000000000e+01 1.600000000000000000e+01 1.600000000000000000e+01 1.500000000000000000e+01 1.700000000000000000e+01 1.600000000000000000e+01
4.170000000000000000e+02 1.800000000000000000e+01 1.600000000000000000e+01 1.700000000000000000e+01 1.600000000000000000e+01 1.600000000000000000e+01 1.500000000000000000e+01 1.800000000000000000e+01 1.700000000000000000e+01
1.900000000000000000e+01 1.800000000000000000e+01 1.700000000000000000e+01 1.600000000000000000e+01 1.400000000000000000e+01 1.600000000000000000e+01 1.500000000000000000e+01 1.800000000000000000e+01 1.800000000000000000e+01
1.900000000000000000e+01 1.700000000000000000e+01 1.900000000000000000e+01 1.500000000000000000e+01 1.600000000000000000e+01 1.600000000000000000e+01 1.500000000000000000e+01 1.500000000000000000e+01 1.700000000000000000e+01
2.190000000000000000e+02 1.800000000000000000e+01 1.700000000000000000e+01 1.700000000000000000e+01 1.500000000000000000e+01 1.600000000000000000e+01 1.600000000000000000e+01 1.500000000000000000e+01 1.800000000000000000e+01
2.190000000000000000e+02 2.000000000000000000e+01 1.700000000000000000e+01 1.700000000000000000e+01 1.700000000000000000e+01 1.500000000000000000e+01 1.600000000000000000e+01 1.600000000000000000e+01 1.800000000000000000e+01
6.220000000000000000e+02 1.700000000000000000e+01 1.500000000000000000e+01 1.700000000000000000e+01 1.700000000000000000e+01 1.600000000000000000e+01 1.500000000000000000e+01 1.700000000000000000e+01 1.700000000000000000e+01
1.800000000000000000e+01 1.600000000000000000e+01 1.700000000000000000e+01 1.600000000000000000e+01 1.600000000000000000e+01 1.500000000000000000e+01 1.500000000000000000e+01 1.500000000000000000e+01 1.800000000000000000e+01
2.200000000000000000e+01 1.900000000000000000e+01 1.700000000000000000e+01 1.700000000000000000e+01 1.600000000000000000e+01 1.500000000000000000e+01 1.500000000000000000e+01 1.600000000000000000e+01 1.700000000000000000e+01
2.180000000000000000e+02 1.600000000000000000e+01 1.500000000000000000e+01 1.700000000000000000e+01 1.600000000000000000e+01 1.500000000000000000e+01 1.600000000000000000e+01 1.600000000000000000e+01 1.600000000000000000e+01
2.200000000000000000e+01 1.900000000000000000e+01 1.600000000000000000e+01 1.600000000000000000e+01 1.500000000000000000e+01 1.500000000000000000e+01 1.600000000000000000e+01 1.400000000000000000e+01 1.900000000000000000e+01
4.200000000000000000e+02 1.700000000000000000e+01 1.600000000000000000e+01 1.600000000000000000e+01 1.600000000000000000e+01 1.500000000000000000e+01 1.500000000000000000e+01 1.600000000000000000e+01 1.700000000000000000e+01
2.000000000000000000e+01 1.800000000000000000e+01 1.800000000000000000e+01 1.500000000000000000e+01 1.600000000000000000e+01 1.500000000000000000e+01 1.700000000000000000e+01 1.500000000000000000e+01 1.700000000000000000e+01
1.700000000000000000e+01 1.800000000000000000e+01 1.500000000000000000e+01 1.700000000000000000e+01 1.300000000000000000e+01 1.500000000000000000e+01 1.700000000000000000e+01 1.600000000000000000e+01 1.700000000000000000e+01
1.800000000000000000e+01 1.900000000000000000e+01 1.700000000000000000e+01 1.500000000000000000e+01 1.400000000000000000e+01 1.500000000000000000e+01 1.600000000000000000e+01 1.600000000000000000e+01 1.700000000000000000e+01
2.000000000000000000e+01 1.700000000000000000e+01 1.600000000000000000e+01 1.600000000000000000e+01 1.700000000000000000e+01 1.500000000000000000e+01 1.700000000000000000e+01 1.700000000000000000e+01 1.700000000000000000e+01
2.220000000000000000e+02 2.000000000000000000e+01 1.800000000000000000e+01 1.500000000000000000e+01 1.800000000000000000e+01 1.500000000000000000e+01 1.700000000000000000e+01 1.500000000000000000e+01 1.800000000000000000e+01
2.220000000000000000e+02 1.700000000000000000e+01 1.500000000000000000e+01 1.800000000000000000e+01 1.600000000000000000e+01 1.500000000000000000e+01 1.600000000000000000e+01 1.700000000000000000e+01 1.600000000000000000e+01
2.000000000000000000e+01 2.000000000000000000e+01 1.600000000000000000e+01 1.500000000000000000e+01 1.600000000000000000e+01 1.400000000000000000e+01 1.600000000000000000e+01 1.700000000000000000e+01 1.800000000000000000e+01
2.200000000000000000e+01 1.600000000000000000e+01 1.600000000000000000e+01 1.700000000000000000e+01 1.700000000000000000e+01 1.700000000000000000e+01 1.700000000000000000e+01 1.700000000000000000e+01 1.800000000000000000e+01
2.100000000000000000e+01 1.900000000000000000e+01 1.700000000000000000e+01 1.600000000000000000e+01 1.600000000000000000e+01 1.600000000000000000e+01 1.400000000000000000e+01 1.700000000000000000e+01 1.600000000000000000e+01
2.100000000000000000e+01 1.700000000000000000e+01 1.700000000000000000e+01 1.700000000000000000e+01 1.600000000000000000e+01 1.600000000000000000e+01 1.600000000000000000e+01 1.600000000000000000e+01 1.800000000000000000e+01
2.200000000000000000e+01 2.000000000000000000e+01 1.700000000000000000e+01 1.600000000000000000e+01 1.600000000000000000e+01 1.600000000000000000e+01 1.600000000000000000e+01 1.700000000000000000e+01 1.600000000000000000e+01
2.200000000000000000e+02 1.500000000000000000e+01 1.500000000000000000e+01 1.400000000000000000e+01 1.400000000000000000e+01 1.700000000000000000e+01 1.700000000000000000e+01 1.700000000000000000e+01 1.800000000000000000e+01
1.800000000000000000e+01 1.800000000000000000e+01 1.600000000000000000e+01 1.600000000000000000e+01 1.500000000000000000e+01 1.700000000000000000e+01 1.400000000000000000e+01 1.700000000000000000e+01 1.900000000000000000e+01
1.900000000000000000e+01 1.800000000000000000e+01 1.600000000000000000e+01 1.500000000000000000e+01 1.600000000000000000e+01 1.700000000000000000e+01 1.500000000000000000e+01 1.700000000000000000e+01 1.800000000000000000e+01
2.220000000000000000e+02 1.700000000000000000e+01 1.700000000000000000e+01 1.300000000000000000e+01 1.700000000000000000e+01 1.600000000000000000e+01 1.700000000000000000e+01 1.700000000000000000e+01 1.800000000000000000e+01
2.100000000000000000e+01 1.700000000000000000e+01 1.500000000000000000e+01 1.700000000000000000e+01 1.700000000000000000e+01 1.500000000000000000e+01 1.500000000000000000e+01 1.800000000000000000e+01 1.800000000000000000e+01
4.200000000000000000e+02 1.800000000000000000e+01 1.600000000000000000e+01 1.600000000000000000e+01 1.400000000000000000e+01 1.500000000000000000e+01 1.500000000000000000e+01 1.600000000000000000e+01 1.900000000000000000e+01
1.800000000000000000e+01 1.900000000000000000e+01 1.300000000000000000e+01 1.400000000000000000e+01 1.600000000000000000e+01 1.500000000000000000e+01 1.600000000000000000e+01 1.600000000000000000e+01 1.800000000000000000e+01
2.000000000000000000e+01 1.800000000000000000e+01 1.500000000000000000e+01 1.700000000000000000e+01 1.500000000000000000e+01 1.400000000000000000e+01 1.600000000000000000e+01 1.600000000000000000e+01 1.700000000000000000e+01
4.200000000000000000e+02 1.800000000000000000e+01 1.600000000000000000e+01 1.600000000000000000e+01 1.700000000000000000e+01 1.600000000000000000e+01 1.700000000000000000e+01 1.700000000000000000e+01 1.700000000000000000e+01
2.100000000000000000e+01 1.700000000000000000e+01 1.700000000000000000e+01 1.600000000000000000e+01 1.600000000000000000e+01 1.500000000000000000e+01 1.600000000000000000e+01 1.700000000000000000e+01 1.500000000000000000e+01
1.900000000000000000e+01 2.000000000000000000e+01 1.700000000000000000e+01 1.500000000000000000e+01 1.600000000000000000e+01 1.400000000000000000e+01 1.500000000000000000e+01 1.600000000000000000e+01 1.800000000000000000e+01
2.210000000000000000e+02 1.600000000000000000e+01 1.700000000000000000e+01 1.500000000000000000e+01 1.400000000000000000e+01 1.400000000000000000e+01 1.600000000000000000e+01 1.700000000000000000e+01 1.700000000000000000e+01
2.100000000000000000e+01 1.900000000000000000e+01 1.700000000000000000e+01 1.600000000000000000e+01 1.400000000000000000e+01 1.600000000000000000e+01 1.600000000000000000e+01 1.700000000000000000e+01 1.700000000000000000e+01
2.000000000000000000e+01 1.800000000000000000e+01 1.700000000000000000e+01 1.500000000000000000e+01 1.700000000000000000e+01 1.500000000000000000e+01 1.600000000000000000e+01 1.600000000000000000e+01 1.800000000000000000e+01
1.900000000000000000e+01 1.900000000000000000e+01 1.500000000000000000e+01 1.400000000000000000e+01 1.500000000000000000e+01 1.600000000000000000e+01 1.600000000000000000e+01 1.700000000000000000e+01 1.700000000000000000e+01
2.210000000000000000e+02 1.800000000000000000e+01 1.700000000000000000e+01 1.500000000000000000e+01 1.700000000000000000e+01 1.600000000000000000e+01 1.500000000000000000e+01 1.600000000000000000e+01 1.700000000000000000e+01
2.190000000000000000e+02 2.000000000000000000e+01 1.600000000000000000e+01 1.700000000000000000e+01 1.500000000000000000e+01 1.700000000000000000e+01 1.700000000000000000e+01 1.700000000000000000e+01 1.700000000000000000e+01
4.200000000000000000e+02 2.000000000000000000e+01 1.600000000000000000e+01 1.600000000000000000e+01 1.700000000000000000e+01 1.500000000000000000e+01 1.400000000000000000e+01 1.700000000000000000e+01 1.700000000000000000e+01
1.900000000000000000e+01 1.900000000000000000e+01 1.600000000000000000e+01 1.700000000000000000e+01 1.600000000000000000e+01 1.500000000000000000e+01 1.500000000000000000e+01 1.600000000000000000e+01 1.700000000000000000e+01
4.200000000000000000e+02 1.800000000000000000e+01 1.600000000000000000e+01 1.600000000000000000e+01 1.400000000000000000e+01 1.500000000000000000e+01 1.600000000000000000e+01 1.700000000000000000e+01 1.700000000000000000e+01
4.200000000000000000e+02 1.600000000000000000e+01 1.700000000000000000e+01 1.600000000000000000e+01 1.500000000000000000e+01 1.400000000000000000e+01 1.600000000000000000e+01 1.700000000000000000e+01 1.600000000000000000e+01
4.200000000000000000e+02 1.800000000000000000e+01 1.700000000000000000e+01 1.600000000000000000e+01 1.600000000000000000e+01 1.600000000000000000e+01 1.500000000000000000e+01 1.600000000000000000e+01 1.700000000000000000e+01
