2.400000000000000000e+01 2.300000000000000000e+01 2.100000000000000000e+01 2.200000000000000000e+01 2.300000000000000000e+01 2.200000000000000000e+01 2.100000000000000000e+01 2.200000000000000000e+01 2.200000000000000000e+01
2.200000000000000000e+01 2.300000000000000000e+01 2.200000000000000000e+01 2.200000000000000000e+01 2.200000000000000000e+01 2.300000000000000000e+01 2.000000000000000000e+01 2.100000000000000000e+01 2.100000000000000000e+01
2.300000000000000000e+01 2.300000000000000000e+01 2.400000000000000000e+01 2.100000000000000000e+01 1.900000000000000000e+01 2.300000000000000000e+01 2.200000000000000000e+01 2.200000000000000000e+01 2.200000000000000000e+01
2.220000000000000000e+02 2.400000000000000000e+01 1.900000000000000000e+01 2.400000000000000000e+01 2.200000000000000000e+01 2.300000000000000000e+01 2.300000000000000000e+01 2.200000000000000000e+01 2.300000000000000000e+01
2.300000000000000000e+01 2.300000000000000000e+01 2.200000000000000000e+01 2.300000000000000000e+01 2.300000000000000000e+01 2.400000000000000000e+01 2.100000000000000000e+01 2.200000000000000000e+01 2.300000000000000000e+01
2.400000000000000000e+01 2.200000000000000000e+01 2.400000000000000000e+01 2.100000000000000000e+01 2.300000000000000000e+01 2.400000000000000000e+01 2.400000000000000000e+01 2.300000000000000000e+01 2.200000000000000000e+01
2.400000000000000000e+01 2.300000000000000000e+01 2.100000000000000000e+01 2.300000000000000000e+01 2.100000000000000000e+01 2.200000000000000000e+01 2.100000000000000000e+01 2.000000000000000000e+01 2.100000000000000000e+01
2.300000000000000000e+01 2.200000000000000000e+01 2.300000000000000000e+01 2.400000000000000000e+01 2.200000000000000000e+01 2.300000000000000000e+01 2.300000000000000000e+01 2.200000000000000000e+01 2.100000000000000000e+01
2.200000000000000000e+01 2.200000000000000000e+01 2.300000000000000000e+01 2.300000000000000000e+01 2.200000000000000000e+01 2.200000000000000000e+01 2.200000000000000000e+01 2.000000000000000000e+01 2.000000000000000000e+01
2.300000000000000000e+01 2.400000000000000000e+01 2.200000000000000000e+01 2.200000000000000000e+01 2.200000000000000000e+01 2.300000000000000000e+01 2.100000000000000000e+01 2.300000000000000000e+01 2.300000000000000000e+01
2.240000000000000000e+02 2.200000000000000000e+01 2.100000000000000000e+01 2.300000000000000000e+01 2.200000000000000000e+01 2.200000000000000000e+01 2.100000000000000000e+01 2.300000000000000000e+01 2.100000000000000000e+01
2.200000000000000000e+01 2.300000000000000000e+01 2.400000000000000000e+01 2.100000000000000000e+01 2.200000000000000000e+01 2.000000000000000000e+01 2.200000000000000000e+01 2.200000000000000000e+01 2.100000000000000000e+01
2.300000000000000000e+01 2.200000000000000000e+01 2.100000000000000000e+01 2.100000000000000000e+01 2.100000000000000000e+01 2.300000000000000000e+01 2.200000000000000000e+01 2.200000000000000000e+01 2.300000000000000000e+01
2.300000000000000000e+01 2.400000000000000000e+01 2.100000000000000000e+01 2.300000000000000000e+01 2.400000000000000000e+01 2.100000000000000000e+01 2.200000000000000000e+01 2.100000000000000000e+01 2.400000000000000000e+01
2.400000000000000000e+01 2.200000000000000000e+01 2.100000000000000000e+01 2.400000000000000000e+01 2.400000000000000000e+01 2.300000000000000000e+01 2.100000000000000000e+01 2.200000000000000000e+01 2.200000000000000000e+01
2.230000000000000000e+02 2.200000000000000000e+01 2.300000000000000000e+01 2.200000000000000000e+01 2.300000000000000000e+01 2.200000000000000000e+01 2.300000000000000000e+01 2.100000000000000000e+01 2.100000000000000000e+01
2.300000000000000000e+01 2.300000000000000000e+01 2.300000000000000000e+01 2.100000000000000000e+01 2.400000000000000000e+01 2.200000000000000000e+01 2.200000000000000000e+01 2.300000000000000000e+01 2.000000000000000000e+01
2.400000000000000000e+01 2.200000000000000000e+01 2.200000000000000000e+01 2.300000000000000000e+01 2.200000000000000000e+01 2.300000000000000000e+01 2.100000000000000000e+01 2.300000000000000000e+01 2.300000000000000000e+01
2.400000000000000000e+01 2.300000000000000000e+01 2.300000000000000000e+01 2.100000000000000000e+01 2.300000000000000000e+01 2.100000000000000000e+01 2.100000000000000000e+01 2.200000000000000000e+01 2.100000000000000000e+01
2.300000000000000000e+01 2.400000000000000000e+01 2.200000000000000000e+01 2.300000000000000000e+01 2.300000000000000000e+01 2.000000000000000000e+01 2.100000000000000000e+01 2.100000000000000000e+01 2.000000000000000000e+01
2.230000000000000000e+02 2.300000000000000000e+01 2.400000000000000000e+01 2.200000000000000000e+01 2.200000000000000000e+01 2.300000000000000000e+01 2.100000000000000000e+01 2.100000000000000000e+01 2.000000000000000000e+01
2.300000000000000000e+01 2.100000000000000000e+01 2.300000000000000000e+01 2.100000000000000000e+01 2.200000000000000000e+01 2.300000000000000000e+01 2.100000000000000000e+01 2.000000000000000000e+01 2.100000000000000000e+01
2.400000000000000000e+01 2.200000000000000000e+01 2.400000000000000000e+01 2.400000000000000000e+01 2.300000000000000000e+01 2.200000000000000000e+01 2.200000000000000000e+01 2.100000000000000000e+01 2.000000000000000000e+01
2.300000000000000000e+01 2.400000000000000000e+01 2.300000000000000000e+01 2.100000000000000000e+01 2.200000000000000000e+01 2.400000000000000000e+01 2.300000000000000000e+01 2.100000000000000000e+01 2.200000000000000000e+01
2.300000000000000000e+01 2.400000000000000000e+01 2.000000000000000000e+01 2.200000000000000000e+01 2.300000000000000000e+01 2.100000000000000000e+01 2.300000000000000000e+01 2.100000000000000000e+01 2.200000000000000000e+01
2.400000000000000000e+01 2.200000000000000000e+01 2.300000000000000000e+01 2.200000000000000000e+01 2.200000000000000000e+01 2.200000000000000000e+01 2.300000000000000000e+01 2.200000000000000000e+01 2.100000000000000000e+01
2.400000000000000000e+01 2.400000000000000000e+01 2.200000000000000000e+01 2.300000000000000000e+01 2.200000000000000000e+01 2.300000000000000000e+01 2.300000000000000000e+01 2.000000000000000000e+01 2.200000000000000000e+01
2.300000000000000000e+01 2.300000000000000000e+01 2.300000000000000000e+01 2.100000000000000000e+01 2.300000000000000000e+01 2.200000000000000000e+01 2.200000000000000000e+01 2.100000000000000000e+01 2.100000000000000000e+01
2.400000000000000000e+01 2.300000000000000000e+01 2.100000000000000000e+01 2.100000000000000000e+01 2.200000000000000000e+01 2.300000000000000000e+01 2.200000000000000000e+01 2.200000000000000000e+01 2.000000000000000000e+01
2.300000000000000000e+01 2.300000000000000000e+01 2.200000000000000000e+01 2.300000000000000000e+01 2.300000000000000000e+01 2.200000000000000000e+01 2.200000000000000000e+01 2.100000000000000000e+01 2.100000000000000000e+01
2.400000000000000000e+01 2.100000000000000000e+01 2.300000000000000000e+01 2.300000000000000000e+01 2.200000000000000000e+01 2.100000000000000000e+01 2.100000000000000000e+01 2.100000000000000000e+01 2.200000000000000000e+01
2.220000000000000000e+02 2.200000000000000000e+01 2.300000000000000000e+01 2.300000000000000000e+01 2.100000000000000000e+01 2.300000000000000000e+01 2.000000000000000000e+01 2.200000000000000000e+01 2.200000000000000000e+01
2.400000000000000000e+01 2.300000000000000000e+01 2.300000000000000000e+01 2.400000000000000000e+01 2.200000000000000000e+01 2.100000000000000000e+01 2.200000000000000000e+01 2.300000000000000000e+01 2.100000000000000000e+01
2.200000000000000000e+01 2.300000000000000000e+01 2.100000000000000000e+01 2.300000000000000000e+01 2.100000000000000000e+01 2.400000000000000000e+01 2.100000000000000000e+01 2.100000000000000000e+01 2.400000000000000000e+01
2.200000000000000000e+01 2.200000000000000000e+01 2.300000000000000000e+01 2.400000000000000000e+01 2.200000000000000000e+01 2.000000000000000000e+01 2.200000000000000000e+01 2.200000000000000000e+01 2.100000000000000000e+01
2.220000000000000000e+02 2.300000000000000000e+01 2.300000000000000000e+01 2.200000000000000000e+01 2.200000000000000000e+01 2.100000000000000000e+01 2.300000000000000000e+01 2.200000000000000000e+01 2.200000000000000000e+01
2.400000000000000000e+01 2.200000000000000000e+01 2.000000000000000000e+01 2.300000000000000000e+01 2.100000000000000000e+01 2.200000000000000000e+01 2.300000000000000000e+01 2.200000000000000000e+01 2.200000000000000000e+01
2.220000000000000000e+02 2.300000000000000000e+01 2.100000000000000000e+01 2.200000000000000000e+01 2.200000000000000000e+01 2.000000000000000000e+01 2.100000000000000000e+01 2.100000000000000000e+01 2.100000000000000000e+01
2.400000000000000000e+01 2.400000000000000000e+01 2.200000000000000000e+01 2.300000000000000000e+01 2.100000000000000000e+01 2.300000000000000000e+01 2.000000000000000000e+01 2.100000000000000000e+01 2.300000000000000000e+01
2.400000000000000000e+01 2.400000000000000000e+01 2.400000000000000000e+01 2.300000000000000000e+01 2.100000000000000000e+01 2.100000000000000000e+01 2.400000000000000000e+01 2.000000000000000000e+01 2.200000000000000000e+01
2.400000000000000000e+01 2.300000000000000000e+01 2.200000000000000000e+01 2.300000000000000000e+01 2.100000000000000000e+01 2.100000000000000000e+01 2.200000000000000000e+01 2.200000000000000000e+01 2.200000000000000000e+01
2.300000000000000000e+01 2.300000000000000000e+01 2.300000000000000000e+01 2.300000000000000000e+01 2.400000000000000000e+01 2.100000000000000000e+01 2.200000000000000000e+01 2.100000000000000000e+01 2.100000000000000000e+01
2.300000000000000000e+01 2.300000000000000000e+01 2.200000000000000000e+01 2.300000000000000000e+01 2.300000000000000000e+01 2.100000000000000000e+01 2.200000000000000000e+01 2.100000000000000000e+01 2.200000000000000000e+01
2.400000000000000000e+01 2.100000000000000000e+01 2.100000000000000000e+01 2.100000000000000000e+01 2.000000000000000000e+01 2.000000000000000000e+01 2.100000000000000000e+01 2.300000000000000000e+01 2.100000000000000000e+01
4.210000000000000000e+02 2.100000000000000000e+01 2.300000000000000000e+01 2.100000000000000000e+01 2.100000000000000000e+01 1.900000000000000000e+01 2.100000000000000000e+01 2.200000000000000000e+01 2.200000000000000000e+01
2.300000000000000000e+01 2.300000000000000000e+01 2.200000000000000000e+01 2.100000000000000000e+01 2.000000000000000000e+01 2.300000000000000000e+01 2.200000000000000000e+01 2.300000000000000000e+01 2.300000000000000000e+01
2.300000000000000000e+01 2.300000000000000000e+01 2.200000000000000000e+01 2.100000000000000000e+01 2.300000000000000000e+01 2.200000000000000000e+01 2.100000000000000000e+01 2.300000000000000000e+01 2.300000000000000000e+01
2.400000000000000000e+01 2.200000000000000000e+01 2.300000000000000000e+01 2.200000000000000000e+01 2.200000000000000000e+01 2.300000000000000000e+01 2.200000000000000000e+01 2.100000000000000000e+01 2.100000000000000000e+01
2.300000000000000000e+01 2.300000000000000000e+01 2.200000000000000000e+01 2.000000000000000000e+01 2.300000000000000000e+01 2.200000000000000000e+01 2.400000000000000000e+01 2.200000000000000000e+01 2.300000000000000000e+01
2.200000000000000000e+01 2.300000000000000000e+01 2.200000000000000000e+01 2.300000000000000000e+01 2.300000000000000000e+01 2.200000000000000000e+01 2.300000000000000000e+01 2.200000000000000000e+01 2.100000000000000000e+01
