7.216000000000000000e+03 6.414000000000000000e+03 5.216000000000000000e+03 3.215000000000000000e+03 4.215000000000000000e+03 4.015000000000000000e+03 2.818000000000000000e+03
5.222000000000000000e+03 6.617000000000000000e+03 4.617000000000000000e+03 5.614000000000000000e+03 4.018000000000000000e+03 3.615000000000000000e+03 3.018000000000000000e+03
6.218000000000000000e+03 5.617000000000000000e+03 4.224000000000000000e+03 5.618000000000000000e+03 3.416000000000000000e+03 3.215000000000000000e+03 3.219000000000000000e+03
6.614000000000000000e+03 5.817000000000000000e+03 4.415000000000000000e+03 4.816000000000000000e+03 4.615000000000000000e+03 3.016000000000000000e+03 3.417000000000000000e+03
6.019000000000000000e+03 6.016000000000000000e+03 5.216000000000000000e+03 4.416000000000000000e+03 4.215000000000000000e+03 3.816000000000000000e+03 3.417000000000000000e+03
5.417000000000000000e+03 5.216000000000000000e+03 5.215000000000000000e+03 5.016000000000000000e+03 3.416000000000000000e+03 4.215000000000000000e+03 2.819000000000000000e+03
4.816000000000000000e+03 4.615000000000000000e+03 4.816000000000000000e+03 4.017000000000000000e+03 3.816000000000000000e+03 3.416000000000000000e+03 3.019000000000000000e+03
8.614000000000000000e+03 6.215000000000000000e+03 5.215000000000000000e+03 5.015000000000000000e+03 3.815000000000000000e+03 3.216000000000000000e+03 3.418000000000000000e+03
5.417000000000000000e+03 5.216000000000000000e+03 5.215000000000000000e+03 4.615000000000000000e+03 4.416000000000000000e+03 3.015000000000000000e+03 3.217000000000000000e+03
6.617000000000000000e+03 5.016000000000000000e+03 5.816000000000000000e+03 5.017000000000000000e+03 3.817000000000000000e+03 3.416000000000000000e+03 3.818000000000000000e+03
6.613000000000000000e+03 5.815000000000000000e+03 5.816000000000000000e+03 5.015000000000000000e+03 3.616000000000000000e+03 4.023000000000000000e+03 3.218000000000000000e+03
6.419000000000000000e+03 5.417000000000000000e+03 4.614000000000000000e+03 4.414000000000000000e+03 4.216000000000000000e+03 3.217000000000000000e+03 3.017000000000000000e+03
5.224000000000000000e+03 5.615000000000000000e+03 5.015000000000000000e+03 3.424000000000000000e+03 4.417000000000000000e+03 3.816000000000000000e+03 3.617000000000000000e+03
4.617000000000000000e+03 6.015000000000000000e+03 5.017000000000000000e+03 4.816000000000000000e+03 3.614000000000000000e+03 2.815000000000000000e+03 2.818000000000000000e+03
6.417000000000000000e+03 5.016000000000000000e+03 5.216000000000000000e+03 5.218000000000000000e+03 4.224000000000000000e+03 3.816000000000000000e+03 3.217000000000000000e+03
6.222000000000000000e+03 5.215000000000000000e+03 5.014000000000000000e+03 4.824000000000000000e+03 4.416000000000000000e+03 4.216000000000000000e+03 3.418000000000000000e+03
6.214000000000000000e+03 5.215000000000000000e+03 5.016000000000000000e+03 5.215000000000000000e+03 4.215000000000000000e+03 3.214000000000000000e+03 3.218000000000000000e+03
7.016000000000000000e+03 5.215000000000000000e+03 3.616000000000000000e+03 4.217000000000000000e+03 4.417000000000000000e+03 4.021000000000000000e+03 3.217000000000000000e+03
5.215000000000000000e+03 6.416000000000000000e+03 5.016000000000000000e+03 4.015000000000000000e+03 3.416000000000000000e+03 3.624000000000000000e+03 3.217000000000000000e+03
5.217000000000000000e+03 6.015000000000000000e+03 5.417000000000000000e+03 4.815000000000000000e+03 3.417000000000000000e+03 3.816000000000000000e+03 2.417000000000000000e+03
6.416000000000000000e+03 6.416000000000000000e+03 5.417000000000000000e+03 4.818000000000000000e+03 3.617000000000000000e+03 3.814000000000000000e+03 3.616000000000000000e+03
7.419000000000000000e+03 5.417000000000000000e+03 6.017000000000000000e+03 4.617000000000000000e+03 3.016000000000000000e+03 3.015000000000000000e+03 3.017000000000000000e+03
5.215000000000000000e+03 5.015000000000000000e+03 6.014000000000000000e+03 4.416000000000000000e+03 3.817000000000000000e+03 3.216000000000000000e+03 3.217000000000000000e+03
5.815000000000000000e+03 5.814000000000000000e+03 4.215000000000000000e+03 5.415000000000000000e+03 3.415000000000000000e+03 3.216000000000000000e+03 3.418000000000000000e+03
4.418000000000000000e+03 4.416000000000000000e+03 4.816000000000000000e+03 3.816000000000000000e+03 4.016000000000000000e+03 3.615000000000000000e+03 3.417000000000000000e+03
5.216000000000000000e+03 5.217000000000000000e+03 4.617000000000000000e+03 4.024000000000000000e+03 3.416000000000000000e+03 4.016000000000000000e+03 3.817000000000000000e+03
6.614000000000000000e+03 4.416000000000000000e+03 5.215000000000000000e+03 4.017000000000000000e+03 3.816000000000000000e+03 3.416000000000000000e+03 3.218000000000000000e+03
4.215000000000000000e+03 5.015000000000000000e+03 5.216000000000000000e+03 4.016000000000000000e+03 4.217000000000000000e+03 3.816000000000000000e+03 3.617000000000000000e+03
6.817000000000000000e+03 6.216000000000000000e+03 5.417000000000000000e+03 4.817000000000000000e+03 4.415000000000000000e+03 3.414000000000000000e+03 3.019000000000000000e+03
7.018000000000000000e+03 6.014000000000000000e+03 5.416000000000000000e+03 4.414000000000000000e+03 4.216000000000000000e+03 3.616000000000000000e+03 3.220000000000000000e+03
5.616000000000000000e+03 4.817000000000000000e+03 5.217000000000000000e+03 4.017000000000000000e+03 4.616000000000000000e+03 3.215000000000000000e+03 3.218000000000000000e+03
5.815000000000000000e+03 3.815000000000000000e+03 5.016000000000000000e+03 4.216000000000000000e+03 4.215000000000000000e+03 4.216000000000000000e+03 2.818000000000000000e+03
5.019000000000000000e+03 5.216000000000000000e+03 5.615000000000000000e+03 4.224000000000000000e+03 4.413000000000000000e+03 3.416000000000000000e+03 3.017000000000000000e+03
4.616000000000000000e+03 6.016000000000000000e+03 5.615000000000000000e+03 4.617000000000000000e+03 4.016000000000000000e+03 3.619000000000000000e+03 3.418000000000000000e+03
5.615000000000000000e+03 5.615000000000000000e+03 4.417000000000000000e+03 5.018000000000000000e+03 3.217000000000000000e+03 4.015000000000000000e+03 3.418000000000000000e+03
7.016000000000000000e+03 5.215000000000000000e+03 5.216000000000000000e+03 3.817000000000000000e+03 3.616000000000000000e+03 3.016000000000000000e+03 3.618000000000000000e+03
8.013000000000000000e+03 5.414000000000000000e+03 4.417000000000000000e+03 4.015000000000000000e+03 4.414000000000000000e+03 3.416000000000000000e+03 3.217000000000000000e+03
5.215000000000000000e+03 4.415000000000000000e+03 4.015000000000000000e+03 4.419000000000000000e+03 4.017000000000000000e+03 2.418000000000000000e+03 2.616000000000000000e+03
4.617000000000000000e+03 6.616000000000000000e+03 5.016000000000000000e+03 5.014000000000000000e+03 4.216000000000000000e+03 3.813000000000000000e+03 3.817000000000000000e+03
5.616000000000000000e+03 6.215000000000000000e+03 5.618000000000000000e+03 4.417000000000000000e+03 3.815000000000000000e+03 3.416000000000000000e+03 3.817000000000000000e+03
5.022000000000000000e+03 4.814000000000000000e+03 4.814000000000000000e+03 4.416000000000000000e+03 2.817000000000000000e+03 2.617000000000000000e+03 3.217000000000000000e+03
4.820000000000000000e+03 5.816000000000000000e+03 5.017000000000000000e+03 5.616000000000000000e+03 4.416000000000000000e+03 3.416000000000000000e+03 3.617000000000000000e+03
4.816000000000000000e+03 4.815000000000000000e+03 4.616000000000000000e+03 5.815000000000000000e+03 4.016000000000000000e+03 4.018000000000000000e+03 3.418000000000000000e+03
6.216000000000000000e+03 5.613000000000000000e+03 3.821000000000000000e+03 3.816000000000000000e+03 4.016000000000000000e+03 4.416000000000000000e+03 2.617000000000000000e+03
6.818000000000000000e+03 5.817000000000000000e+03 3.616000000000000000e+03 4.816000000000000000e+03 3.816000000000000000e+03 3.415000000000000000e+03 3.218000000000000000e+03
6.817000000000000000e+03 4.817000000000000000e+03 6.216000000000000000e+03 4.418000000000000000e+03 3.823000000000000000e+03 2.816000000000000000e+03 3.019000000000000000e+03
6.216000000000000000e+03 5.218000000000000000e+03 5.013000000000000000e+03 4.017000000000000000e+03 3.415000000000000000e+03 3.817000000000000000e+03 3.217000000000000000e+03
7.615000000000000000e+03 5.416000000000000000e+03 3.816000000000000000e+03 4.017000000000000000e+03 3.815000000000000000e+03 3.816000000000000000e+03 3.218000000000000000e+03
4.814000000000000000e+03 4.816000000000000000e+03 4.017000000000000000e+03 4.217000000000000000e+03 3.416000000000000000e+03 3.813000000000000000e+03 3.017000000000000000e+03
5.017000000000000000e+03 5.017000000000000000e+03 5.616000000000000000e+03 4.616000000000000000e+03 3.223000000000000000e+03 3.815000000000000000e+03 3.218000000000000000e+03
