5.017000000000000000e+03 5.416000000000000000e+03 4.417000000000000000e+03 6.023000000000000000e+03 4.617000000000000000e+03 5.022000000000000000e+03 4.223000000000000000e+03 4.223000000000000000e+03 4.622000000000000000e+03
5.017000000000000000e+03 5.215000000000000000e+03 4.621000000000000000e+03 3.615000000000000000e+03 5.815000000000000000e+03 4.024000000000000000e+03 4.423000000000000000e+03 4.624000000000000000e+03 5.224000000000000000e+03
5.213000000000000000e+03 4.415000000000000000e+03 4.015000000000000000e+03 5.417000000000000000e+03 4.617000000000000000e+03 4.224000000000000000e+03 4.420000000000000000e+03 5.421000000000000000e+03 5.423000000000000000e+03
4.415000000000000000e+03 4.416000000000000000e+03 5.615000000000000000e+03 5.615000000000000000e+03 4.819000000000000000e+03 3.622000000000000000e+03 5.022000000000000000e+03 4.223000000000000000e+03 5.220000000000000000e+03
5.615000000000000000e+03 3.615000000000000000e+03 5.216000000000000000e+03 4.817000000000000000e+03 4.416000000000000000e+03 5.022000000000000000e+03 5.224000000000000000e+03 5.024000000000000000e+03 5.221000000000000000e+03
4.415000000000000000e+03 4.616000000000000000e+03 4.624000000000000000e+03 5.222000000000000000e+03 5.216000000000000000e+03 5.819000000000000000e+03 5.023000000000000000e+03 4.823000000000000000e+03 4.621000000000000000e+03
5.017000000000000000e+03 5.615000000000000000e+03 4.417000000000000000e+03 5.014000000000000000e+03 5.217000000000000000e+03 5.619000000000000000e+03 5.223000000000000000e+03 5.623000000000000000e+03 5.221000000000000000e+03
6.216000000000000000e+03 4.816000000000000000e+03 3.816000000000000000e+03 4.022000000000000000e+03 5.217000000000000000e+03 6.022000000000000000e+03 4.224000000000000000e+03 4.823000000000000000e+03 5.623000000000000000e+03
5.017000000000000000e+03 4.415000000000000000e+03 5.815000000000000000e+03 5.615000000000000000e+03 4.623000000000000000e+03 4.823000000000000000e+03 5.222000000000000000e+03 5.620000000000000000e+03 5.421000000000000000e+03
3.416000000000000000e+03 5.216000000000000000e+03 5.214000000000000000e+03 5.224000000000000000e+03 4.423000000000000000e+03 5.223000000000000000e+03 5.624000000000000000e+03 5.620000000000000000e+03 5.621000000000000000e+03
5.016000000000000000e+03 4.619000000000000000e+03 4.823000000000000000e+03 6.017000000000000000e+03 5.224000000000000000e+03 3.821000000000000000e+03 4.024000000000000000e+03 5.222000000000000000e+03 5.222000000000000000e+03
4.616000000000000000e+03 4.614000000000000000e+03 5.016000000000000000e+03 5.016000000000000000e+03 5.217000000000000000e+03 5.022000000000000000e+03 4.620000000000000000e+03 3.424000000000000000e+03 4.024000000000000000e+03
5.215000000000000000e+03 5.017000000000000000e+03 4.816000000000000000e+03 4.417000000000000000e+03 4.822000000000000000e+03 4.019000000000000000e+03 4.823000000000000000e+03 4.824000000000000000e+03 5.424000000000000000e+03
4.614000000000000000e+03 5.016000000000000000e+03 4.416000000000000000e+03 4.621000000000000000e+03 4.424000000000000000e+03 4.424000000000000000e+03 4.823000000000000000e+03 5.022000000000000000e+03 4.817000000000000000e+03
5.015000000000000000e+03 4.423000000000000000e+03 3.816000000000000000e+03 6.016000000000000000e+03 4.422000000000000000e+03 3.624000000000000000e+03 4.024000000000000000e+03 4.423000000000000000e+03 5.623000000000000000e+03
4.816000000000000000e+03 4.214000000000000000e+03 4.415000000000000000e+03 4.816000000000000000e+03 5.016000000000000000e+03 6.019000000000000000e+03 5.224000000000000000e+03 5.022000000000000000e+03 5.024000000000000000e+03
6.017000000000000000e+03 4.816000000000000000e+03 4.616000000000000000e+03 5.614000000000000000e+03 5.218000000000000000e+03 5.423000000000000000e+03 5.823000000000000000e+03 4.624000000000000000e+03 5.424000000000000000e+03
4.816000000000000000e+03 4.815000000000000000e+03 4.613000000000000000e+03 4.417000000000000000e+03 4.023000000000000000e+03 4.824000000000000000e+03 6.615000000000000000e+03 4.424000000000000000e+03 4.022000000000000000e+03
5.418000000000000000e+03 5.017000000000000000e+03 4.023000000000000000e+03 5.217000000000000000e+03 4.222000000000000000e+03 3.822000000000000000e+03 5.422000000000000000e+03 5.422000000000000000e+03 5.423000000000000000e+03
5.215000000000000000e+03 5.415000000000000000e+03 5.217000000000000000e+03 2.819000000000000000e+03 4.215000000000000000e+03 5.023000000000000000e+03 4.824000000000000000e+03 5.221000000000000000e+03 5.623000000000000000e+03
5.215000000000000000e+03 5.215000000000000000e+03 4.615000000000000000e+03 5.614000000000000000e+03 5.017000000000000000e+03 4.221000000000000000e+03 4.822000000000000000e+03 5.623000000000000000e+03 3.620000000000000000e+03
5.416000000000000000e+03 4.617000000000000000e+03 6.022000000000000000e+03 4.816000000000000000e+03 4.821000000000000000e+03 4.223000000000000000e+03 5.423000000000000000e+03 4.423000000000000000e+03 5.823000000000000000e+03
6.017000000000000000e+03 4.414000000000000000e+03 5.217000000000000000e+03 4.017000000000000000e+03 3.820000000000000000e+03 5.621000000000000000e+03 4.822000000000000000e+03 5.824000000000000000e+03 5.819000000000000000e+03
4.815000000000000000e+03 5.414000000000000000e+03 5.616000000000000000e+03 5.217000000000000000e+03 4.424000000000000000e+03 4.620000000000000000e+03 5.222000000000000000e+03 5.220000000000000000e+03 4.621000000000000000e+03
5.614000000000000000e+03 5.617000000000000000e+03 5.216000000000000000e+03 5.217000000000000000e+03 4.217000000000000000e+03 5.022000000000000000e+03 4.423000000000000000e+03 5.017000000000000000e+03 4.423000000000000000e+03
3.615000000000000000e+03 5.815000000000000000e+03 4.417000000000000000e+03 4.816000000000000000e+03 5.021000000000000000e+03 6.024000000000000000e+03 4.624000000000000000e+03 5.223000000000000000e+03 4.822000000000000000e+03
5.016000000000000000e+03 5.014000000000000000e+03 5.414000000000000000e+03 4.017000000000000000e+03 3.824000000000000000e+03 4.820000000000000000e+03 3.624000000000000000e+03 4.223000000000000000e+03 5.621000000000000000e+03
4.016000000000000000e+03 3.016000000000000000e+03 5.016000000000000000e+03 4.615000000000000000e+03 5.622000000000000000e+03 5.424000000000000000e+03 4.621000000000000000e+03 3.823000000000000000e+03 5.218000000000000000e+03
4.416000000000000000e+03 4.616000000000000000e+03 5.024000000000000000e+03 2.417000000000000000e+03 5.618000000000000000e+03 5.622000000000000000e+03 4.823000000000000000e+03 5.224000000000000000e+03 4.623000000000000000e+03
4.415000000000000000e+03 5.415000000000000000e+03 4.615000000000000000e+03 4.617000000000000000e+03 5.018000000000000000e+03 4.221000000000000000e+03 4.623000000000000000e+03 5.023000000000000000e+03 5.617000000000000000e+03
4.814000000000000000e+03 5.014000000000000000e+03 4.416000000000000000e+03 6.015000000000000000e+03 4.616000000000000000e+03 4.822000000000000000e+03 4.624000000000000000e+03 5.820000000000000000e+03 4.823000000000000000e+03
5.015000000000000000e+03 4.616000000000000000e+03 4.415000000000000000e+03 6.415000000000000000e+03 5.420000000000000000e+03 5.021000000000000000e+03 5.623000000000000000e+03 4.024000000000000000e+03 3.624000000000000000e+03
5.617000000000000000e+03 4.615000000000000000e+03 4.217000000000000000e+03 4.417000000000000000e+03 4.816000000000000000e+03 4.624000000000000000e+03 4.624000000000000000e+03 5.024000000000000000e+03 4.824000000000000000e+03
4.015000000000000000e+03 4.216000000000000000e+03 4.621000000000000000e+03 4.414000000000000000e+03 5.222000000000000000e+03 4.821000000000000000e+03 5.623000000000000000e+03 5.619000000000000000e+03 4.623000000000000000e+03
5.621000000000000000e+03 4.415000000000000000e+03 5.615000000000000000e+03 4.817000000000000000e+03 5.821000000000000000e+03 4.822000000000000000e+03 4.823000000000000000e+03 4.023000000000000000e+03 3.623000000000000000e+03
5.223000000000000000e+03 4.814000000000000000e+03 4.616000000000000000e+03 4.815000000000000000e+03 5.024000000000000000e+03 4.820000000000000000e+03 4.024000000000000000e+03 5.024000000000000000e+03 4.222000000000000000e+03
5.017000000000000000e+03 5.015000000000000000e+03 5.216000000000000000e+03 4.622000000000000000e+03 5.420000000000000000e+03 4.023000000000000000e+03 4.423000000000000000e+03 4.423000000000000000e+03 5.223000000000000000e+03
5.216000000000000000e+03 3.414000000000000000e+03 4.814000000000000000e+03 3.817000000000000000e+03 5.023000000000000000e+03 4.823000000000000000e+03 5.422000000000000000e+03 5.021000000000000000e+03 5.224000000000000000e+03
4.416000000000000000e+03 3.014000000000000000e+03 5.016000000000000000e+03 5.217000000000000000e+03 5.219000000000000000e+03 4.024000000000000000e+03 4.822000000000000000e+03 4.223000000000000000e+03 5.621000000000000000e+03
4.216000000000000000e+03 5.215000000000000000e+03 5.414000000000000000e+03 5.616000000000000000e+03 4.017000000000000000e+03 3.824000000000000000e+03 4.624000000000000000e+03 3.424000000000000000e+03 4.024000000000000000e+03
5.016000000000000000e+03 3.615000000000000000e+03 5.624000000000000000e+03 4.024000000000000000e+03 4.422000000000000000e+03 4.423000000000000000e+03 4.423000000000000000e+03 6.023000000000000000e+03 5.418000000000000000e+03
4.217000000000000000e+03 5.616000000000000000e+03 4.617000000000000000e+03 4.622000000000000000e+03 4.824000000000000000e+03 4.224000000000000000e+03 4.424000000000000000e+03 4.422000000000000000e+03 5.422000000000000000e+03
5.015000000000000000e+03 5.215000000000000000e+03 3.818000000000000000e+03 4.416000000000000000e+03 5.419000000000000000e+03 4.621000000000000000e+03 4.622000000000000000e+03 4.820000000000000000e+03 5.620000000000000000e+03
5.217000000000000000e+03 4.617000000000000000e+03 5.415000000000000000e+03 4.815000000000000000e+03 4.615000000000000000e+03 5.023000000000000000e+03 5.022000000000000000e+03 5.024000000000000000e+03 6.020000000000000000e+03
5.415000000000000000e+03 4.418000000000000000e+03 4.016000000000000000e+03 4.822000000000000000e+03 4.816000000000000000e+03 4.823000000000000000e+03 5.424000000000000000e+03 5.224000000000000000e+03 3.223000000000000000e+03
4.415000000000000000e+03 4.415000000000000000e+03 4.817000000000000000e+03 5.816000000000000000e+03 4.219000000000000000e+03 4.423000000000000000e+03 4.623000000000000000e+03 5.424000000000000000e+03 4.821000000000000000e+03
5.015000000000000000e+03 5.016000000000000000e+03 4.816000000000000000e+03 5.016000000000000000e+03 5.616000000000000000e+03 4.423000000000000000e+03 5.624000000000000000e+03 4.422000000000000000e+03 6.021000000000000000e+03
4.616000000000000000e+03 4.417000000000000000e+03 5.214000000000000000e+03 4.616000000000000000e+03 3.820000000000000000e+03 4.822000000000000000e+03 5.223000000000000000e+03 5.022000000000000000e+03 4.022000000000000000e+03
3.216000000000000000e+03 3.815000000000000000e+03 4.816000000000000000e+03 5.613000000000000000e+03 4.823000000000000000e+03 4.622000000000000000e+03 5.224000000000000000e+03 5.423000000000000000e+03 5.021000000000000000e+03
3.816000000000000000e+03 4.814000000000000000e+03 5.216000000000000000e+03 4.224000000000000000e+03 5.222000000000000000e+03 3.823000000000000000e+03 5.222000000000000000e+03 5.023000000000000000e+03 5.822000000000000000e+03
