1.700000000000000000e+01 1.700000000000000000e+01 2.000000000000000000e+01 2.200000000000000000e+01 6.230000000000000000e+02 4.824000000000000000e+03 4.223000000000000000e+03 5.423000000000000000e+03 5.822000000000000000e+03
1.800000000000000000e+01 2.000000000000000000e+01 2.000000000000000000e+01 2.200000000000000000e+02 1.422000000000000000e+03 3.823000000000000000e+03 5.224000000000000000e+03 4.220000000000000000e+03 5.421000000000000000e+03
1.700000000000000000e+01 1.900000000000000000e+01 2.210000000000000000e+02 2.190000000000000000e+02 6.220000000000000000e+02 3.823000000000000000e+03 5.623000000000000000e+03 5.020000000000000000e+03 5.424000000000000000e+03
1.800000000000000000e+01 1.800000000000000000e+01 2.000000000000000000e+01 2.220000000000000000e+02 2.220000000000000000e+02 3.022000000000000000e+03 4.621000000000000000e+03 5.419000000000000000e+03 4.423000000000000000e+03
1.700000000000000000e+01 1.600000000000000000e+01 1.600000000000000000e+01 2.220000000000000000e+02 2.220000000000000000e+02 3.824000000000000000e+03 5.222000000000000000e+03 5.622000000000000000e+03 3.823000000000000000e+03
1.700000000000000000e+01 1.700000000000000000e+01 2.000000000000000000e+01 2.190000000000000000e+02 1.021000000000000000e+03 5.022000000000000000e+03 4.623000000000000000e+03 4.024000000000000000e+03 4.824000000000000000e+03
1.600000000000000000e+01 1.800000000000000000e+01 2.000000000000000000e+01 2.200000000000000000e+02 1.223000000000000000e+03 4.424000000000000000e+03 4.622000000000000000e+03 5.423000000000000000e+03 4.823000000000000000e+03
1.700000000000000000e+01 1.700000000000000000e+01 1.800000000000000000e+01 2.200000000000000000e+02 1.900000000000000000e+01 4.421000000000000000e+03 4.424000000000000000e+03 5.423000000000000000e+03 4.223000000000000000e+03
1.800000000000000000e+01 1.800000000000000000e+01 1.600000000000000000e+01 1.900000000000000000e+01 1.419000000000000000e+03 2.421000000000000000e+03 5.421000000000000000e+03 5.024000000000000000e+03 4.024000000000000000e+03
1.500000000000000000e+01 1.700000000000000000e+01 1.900000000000000000e+01 1.900000000000000000e+01 1.220000000000000000e+03 4.020000000000000000e+03 6.422000000000000000e+03 5.223000000000000000e+03 4.824000000000000000e+03
1.700000000000000000e+01 1.700000000000000000e+01 2.000000000000000000e+01 2.200000000000000000e+01 6.230000000000000000e+02 4.222000000000000000e+03 3.823000000000000000e+03 4.224000000000000000e+03 5.222000000000000000e+03
1.600000000000000000e+01 1.700000000000000000e+01 2.100000000000000000e+01 1.900000000000000000e+01 8.180000000000000000e+02 2.624000000000000000e+03 4.224000000000000000e+03 5.422000000000000000e+03 4.624000000000000000e+03
1.700000000000000000e+01 1.800000000000000000e+01 1.800000000000000000e+01 4.210000000000000000e+02 6.210000000000000000e+02 3.822000000000000000e+03 4.424000000000000000e+03 5.223000000000000000e+03 5.224000000000000000e+03
1.800000000000000000e+01 1.800000000000000000e+01 1.900000000000000000e+01 4.200000000000000000e+02 4.210000000000000000e+02 5.824000000000000000e+03 4.823000000000000000e+03 4.821000000000000000e+03 4.024000000000000000e+03
1.800000000000000000e+01 1.500000000000000000e+01 1.800000000000000000e+01 2.000000000000000000e+01 6.230000000000000000e+02 5.221000000000000000e+03 5.219000000000000000e+03 5.220000000000000000e+03 4.022000000000000000e+03
1.500000000000000000e+01 1.700000000000000000e+01 1.700000000000000000e+01 2.300000000000000000e+01 6.210000000000000000e+02 3.622000000000000000e+03 4.621000000000000000e+03 4.820000000000000000e+03 5.024000000000000000e+03
1.700000000000000000e+01 1.600000000000000000e+01 1.800000000000000000e+01 2.200000000000000000e+02 8.210000000000000000e+02 3.823000000000000000e+03 4.423000000000000000e+03 5.821000000000000000e+03 5.024000000000000000e+03
1.700000000000000000e+01 1.600000000000000000e+01 2.000000000000000000e+01 2.100000000000000000e+01 6.210000000000000000e+02 4.022000000000000000e+03 5.220000000000000000e+03 5.222000000000000000e+03 3.423000000000000000e+03
1.800000000000000000e+01 1.900000000000000000e+01 1.900000000000000000e+01 2.220000000000000000e+02 6.210000000000000000e+02 3.023000000000000000e+03 5.424000000000000000e+03 5.221000000000000000e+03 4.424000000000000000e+03
1.700000000000000000e+01 2.000000000000000000e+01 1.800000000000000000e+01 2.300000000000000000e+01 6.210000000000000000e+02 4.223000000000000000e+03 5.223000000000000000e+03 4.423000000000000000e+03 5.623000000000000000e+03
1.600000000000000000e+01 1.800000000000000000e+01 1.700000000000000000e+01 2.210000000000000000e+02 8.200000000000000000e+02 5.421000000000000000e+03 5.023000000000000000e+03 5.424000000000000000e+03 5.423000000000000000e+03
1.700000000000000000e+01 1.800000000000000000e+01 1.700000000000000000e+01 2.200000000000000000e+02 6.220000000000000000e+02 4.624000000000000000e+03 4.621000000000000000e+03 6.023000000000000000e+03 4.024000000000000000e+03
1.500000000000000000e+01 1.700000000000000000e+01 2.190000000000000000e+02 1.800000000000000000e+01 2.230000000000000000e+02 4.222000000000000000e+03 3.820000000000000000e+03 5.024000000000000000e+03 4.824000000000000000e+03
1.700000000000000000e+01 1.600000000000000000e+01 2.200000000000000000e+01 2.100000000000000000e+01 6.230000000000000000e+02 4.823000000000000000e+03 5.021000000000000000e+03 4.823000000000000000e+03 4.424000000000000000e+03
1.600000000000000000e+01 1.800000000000000000e+01 2.000000000000000000e+01 1.900000000000000000e+01 8.210000000000000000e+02 4.022000000000000000e+03 4.822000000000000000e+03 4.624000000000000000e+03 4.221000000000000000e+03
1.700000000000000000e+01 1.800000000000000000e+01 2.000000000000000000e+01 2.190000000000000000e+02 1.021000000000000000e+03 4.223000000000000000e+03 5.824000000000000000e+03 3.824000000000000000e+03 4.821000000000000000e+03
1.600000000000000000e+01 1.700000000000000000e+01 2.000000000000000000e+01 2.190000000000000000e+02 2.200000000000000000e+02 3.821000000000000000e+03 5.219000000000000000e+03 4.024000000000000000e+03 4.819000000000000000e+03
1.700000000000000000e+01 1.700000000000000000e+01 2.000000000000000000e+01 2.200000000000000000e+02 4.200000000000000000e+02 4.622000000000000000e+03 4.221000000000000000e+03 4.619000000000000000e+03 5.624000000000000000e+03
1.800000000000000000e+01 1.700000000000000000e+01 1.900000000000000000e+01 2.190000000000000000e+02 2.220000000000000000e+02 4.024000000000000000e+03 4.823000000000000000e+03 4.622000000000000000e+03 4.822000000000000000e+03
1.900000000000000000e+01 1.700000000000000000e+01 2.210000000000000000e+02 2.300000000000000000e+01 8.210000000000000000e+02 2.624000000000000000e+03 6.223000000000000000e+03 4.222000000000000000e+03 4.022000000000000000e+03
1.600000000000000000e+01 1.700000000000000000e+01 1.900000000000000000e+01 2.210000000000000000e+02 8.220000000000000000e+02 5.020000000000000000e+03 5.024000000000000000e+03 4.622000000000000000e+03 4.624000000000000000e+03
1.700000000000000000e+01 1.700000000000000000e+01 2.000000000000000000e+01 4.190000000000000000e+02 6.220000000000000000e+02 3.820000000000000000e+03 5.618000000000000000e+03 5.024000000000000000e+03 5.818000000000000000e+03
1.700000000000000000e+01 1.700000000000000000e+01 2.000000000000000000e+01 1.900000000000000000e+01 4.230000000000000000e+02 3.224000000000000000e+03 4.023000000000000000e+03 4.620000000000000000e+03 5.620000000000000000e+03
1.800000000000000000e+01 1.800000000000000000e+01 1.900000000000000000e+01 2.180000000000000000e+02 1.021000000000000000e+03 2.221000000000000000e+03 4.223000000000000000e+03 4.021000000000000000e+03 5.624000000000000000e+03
1.500000000000000000e+01 1.700000000000000000e+01 1.600000000000000000e+01 4.200000000000000000e+02 6.220000000000000000e+02 5.817000000000000000e+03 4.623000000000000000e+03 4.422000000000000000e+03 4.820000000000000000e+03
1.700000000000000000e+01 1.900000000000000000e+01 2.100000000000000000e+01 2.300000000000000000e+01 6.210000000000000000e+02 5.620000000000000000e+03 4.424000000000000000e+03 6.224000000000000000e+03 4.822000000000000000e+03
1.600000000000000000e+01 1.600000000000000000e+01 1.600000000000000000e+01 2.000000000000000000e+01 2.220000000000000000e+02 3.223000000000000000e+03 5.023000000000000000e+03 6.019000000000000000e+03 4.021000000000000000e+03
1.700000000000000000e+01 1.800000000000000000e+01 2.000000000000000000e+01 2.210000000000000000e+02 2.210000000000000000e+02 3.823000000000000000e+03 4.421000000000000000e+03 6.023000000000000000e+03 4.024000000000000000e+03
1.800000000000000000e+01 1.600000000000000000e+01 2.190000000000000000e+02 1.900000000000000000e+01 1.020000000000000000e+03 4.819000000000000000e+03 5.421000000000000000e+03 4.823000000000000000e+03 5.023000000000000000e+03
1.800000000000000000e+01 1.900000000000000000e+01 1.700000000000000000e+01 2.210000000000000000e+02 4.220000000000000000e+02 4.421000000000000000e+03 5.621000000000000000e+03 4.421000000000000000e+03 4.623000000000000000e+03
1.800000000000000000e+01 1.600000000000000000e+01 1.600000000000000000e+01 2.100000000000000000e+01 8.200000000000000000e+02 5.624000000000000000e+03 3.622000000000000000e+03 5.221000000000000000e+03 6.223000000000000000e+03
1.700000000000000000e+01 1.800000000000000000e+01 1.900000000000000000e+01 2.000000000000000000e+01 4.200000000000000000e+02 5.022000000000000000e+03 4.623000000000000000e+03 4.421000000000000000e+03 4.823000000000000000e+03
1.800000000000000000e+01 1.700000000000000000e+01 1.600000000000000000e+01 2.000000000000000000e+01 6.210000000000000000e+02 4.824000000000000000e+03 5.423000000000000000e+03 5.224000000000000000e+03 5.222000000000000000e+03
1.800000000000000000e+01 1.600000000000000000e+01 1.900000000000000000e+01 2.200000000000000000e+01 6.210000000000000000e+02 4.824000000000000000e+03 5.224000000000000000e+03 5.023000000000000000e+03 6.018000000000000000e+03
1.700000000000000000e+01 1.600000000000000000e+01 1.800000000000000000e+01 1.018000000000000000e+03 4.210000000000000000e+02 3.024000000000000000e+03 4.824000000000000000e+03 5.824000000000000000e+03 5.621000000000000000e+03
1.600000000000000000e+01 1.700000000000000000e+01 1.900000000000000000e+01 2.100000000000000000e+01 4.200000000000000000e+02 4.422000000000000000e+03 5.223000000000000000e+03 5.419000000000000000e+03 4.624000000000000000e+03
1.500000000000000000e+01 1.600000000000000000e+01 1.900000000000000000e+01 2.190000000000000000e+02 1.222000000000000000e+03 2.822000000000000000e+03 4.821000000000000000e+03 4.424000000000000000e+03 5.621000000000000000e+03
1.600000000000000000e+01 1.800000000000000000e+01 1.700000000000000000e+01 2.190000000000000000e+02 6.220000000000000000e+02 5.221000000000000000e+03 4.824000000000000000e+03 5.619000000000000000e+03 5.020000000000000000e+03
1.600000000000000000e+01 1.700000000000000000e+01 1.800000000000000000e+01 2.190000000000000000e+02 4.210000000000000000e+02 3.223000000000000000e+03 4.424000000000000000e+03 3.224000000000000000e+03 4.223000000000000000e+03
1.500000000000000000e+01 1.600000000000000000e+01 1.900000000000000000e+01 2.100000000000000000e+01 1.422000000000000000e+03 5.819000000000000000e+03 5.424000000000000000e+03 5.023000000000000000e+03 5.822000000000000000e+03
