1.500000000000000000e+01 1.400000000000000000e+01 1.400000000000000000e+01 1.500000000000000000e+01 1.600000000000000000e+01 1.700000000000000000e+01 1.222000000000000000e+03
1.200000000000000000e+01 1.400000000000000000e+01 1.500000000000000000e+01 1.300000000000000000e+01 1.500000000000000000e+01 1.600000000000000000e+01 1.622000000000000000e+03
1.600000000000000000e+01 1.200000000000000000e+01 1.300000000000000000e+01 1.500000000000000000e+01 1.600000000000000000e+01 1.500000000000000000e+01 1.423000000000000000e+03
1.600000000000000000e+01 1.300000000000000000e+01 1.300000000000000000e+01 1.300000000000000000e+01 1.500000000000000000e+01 1.700000000000000000e+01 1.424000000000000000e+03
1.300000000000000000e+01 1.400000000000000000e+01 1.300000000000000000e+01 1.400000000000000000e+01 1.500000000000000000e+01 1.700000000000000000e+01 1.023000000000000000e+03
1.400000000000000000e+01 1.400000000000000000e+01 1.100000000000000000e+01 1.500000000000000000e+01 1.400000000000000000e+01 1.800000000000000000e+01 1.424000000000000000e+03
1.500000000000000000e+01 1.200000000000000000e+01 1.400000000000000000e+01 1.400000000000000000e+01 1.600000000000000000e+01 1.600000000000000000e+01 4.220000000000000000e+02
1.400000000000000000e+01 1.500000000000000000e+01 1.300000000000000000e+01 1.400000000000000000e+01 1.400000000000000000e+01 1.600000000000000000e+01 1.423000000000000000e+03
1.300000000000000000e+01 1.200000000000000000e+01 1.300000000000000000e+01 1.400000000000000000e+01 1.300000000000000000e+01 1.700000000000000000e+01 1.624000000000000000e+03
1.400000000000000000e+01 1.300000000000000000e+01 1.400000000000000000e+01 1.400000000000000000e+01 1.600000000000000000e+01 1.700000000000000000e+01 1.223000000000000000e+03
1.400000000000000000e+01 1.300000000000000000e+01 1.400000000000000000e+01 1.400000000000000000e+01 1.400000000000000000e+01 1.700000000000000000e+01 1.824000000000000000e+03
1.300000000000000000e+01 1.300000000000000000e+01 1.400000000000000000e+01 1.500000000000000000e+01 1.500000000000000000e+01 1.600000000000000000e+01 1.421000000000000000e+03
1.500000000000000000e+01 1.300000000000000000e+01 1.300000000000000000e+01 1.500000000000000000e+01 1.600000000000000000e+01 1.700000000000000000e+01 1.223000000000000000e+03
1.500000000000000000e+01 1.300000000000000000e+01 1.400000000000000000e+01 1.400000000000000000e+01 1.500000000000000000e+01 1.400000000000000000e+01 1.622000000000000000e+03
1.600000000000000000e+01 1.300000000000000000e+01 1.400000000000000000e+01 1.600000000000000000e+01 1.700000000000000000e+01 1.600000000000000000e+01 1.023000000000000000e+03
1.500000000000000000e+01 1.400000000000000000e+01 1.400000000000000000e+01 1.500000000000000000e+01 1.400000000000000000e+01 1.700000000000000000e+01 1.423000000000000000e+03
1.500000000000000000e+01 1.300000000000000000e+01 1.400000000000000000e+01 1.400000000000000000e+01 1.600000000000000000e+01 1.600000000000000000e+01 1.822000000000000000e+03
1.500000000000000000e+01 1.300000000000000000e+01 1.500000000000000000e+01 1.600000000000000000e+01 1.700000000000000000e+01 1.700000000000000000e+01 1.223000000000000000e+03
1.400000000000000000e+01 1.200000000000000000e+01 1.500000000000000000e+01 1.400000000000000000e+01 1.500000000000000000e+01 1.500000000000000000e+01 1.422000000000000000e+03
1.500000000000000000e+01 1.300000000000000000e+01 1.400000000000000000e+01 1.400000000000000000e+01 1.500000000000000000e+01 1.600000000000000000e+01 1.023000000000000000e+03
1.600000000000000000e+01 1.200000000000000000e+01 1.500000000000000000e+01 1.300000000000000000e+01 1.300000000000000000e+01 1.700000000000000000e+01 1.622000000000000000e+03
1.500000000000000000e+01 1.400000000000000000e+01 1.400000000000000000e+01 1.400000000000000000e+01 1.400000000000000000e+01 1.700000000000000000e+01 1.422000000000000000e+03
1.300000000000000000e+01 1.400000000000000000e+01 1.400000000000000000e+01 1.400000000000000000e+01 1.300000000000000000e+01 1.600000000000000000e+01 1.424000000000000000e+03
1.500000000000000000e+01 1.300000000000000000e+01 1.300000000000000000e+01 1.300000000000000000e+01 1.500000000000000000e+01 1.600000000000000000e+01 1.024000000000000000e+03
1.400000000000000000e+01 1.400000000000000000e+01 1.300000000000000000e+01 1.400000000000000000e+01 1.500000000000000000e+01 1.700000000000000000e+01 1.224000000000000000e+03
1.400000000000000000e+01 1.500000000000000000e+01 1.500000000000000000e+01 1.500000000000000000e+01 1.600000000000000000e+01 1.600000000000000000e+01 1.424000000000000000e+03
1.400000000000000000e+01 1.200000000000000000e+01 1.400000000000000000e+01 1.500000000000000000e+01 1.500000000000000000e+01 1.500000000000000000e+01 1.424000000000000000e+03
1.400000000000000000e+01 1.200000000000000000e+01 1.400000000000000000e+01 1.300000000000000000e+01 1.500000000000000000e+01 1.700000000000000000e+01 1.222000000000000000e+03
1.400000000000000000e+01 1.400000000000000000e+01 1.400000000000000000e+01 1.300000000000000000e+01 1.400000000000000000e+01 1.700000000000000000e+01 1.423000000000000000e+03
1.500000000000000000e+01 1.300000000000000000e+01 1.400000000000000000e+01 1.400000000000000000e+01 1.500000000000000000e+01 1.800000000000000000e+01 1.424000000000000000e+03
1.500000000000000000e+01 1.300000000000000000e+01 1.400000000000000000e+01 1.300000000000000000e+01 1.600000000000000000e+01 1.700000000000000000e+01 6.240000000000000000e+02
1.400000000000000000e+01 1.200000000000000000e+01 1.400000000000000000e+01 1.300000000000000000e+01 1.500000000000000000e+01 1.600000000000000000e+01 1.423000000000000000e+03
1.400000000000000000e+01 1.400000000000000000e+01 1.300000000000000000e+01 1.400000000000000000e+01 1.400000000000000000e+01 1.600000000000000000e+01 1.423000000000000000e+03
1.400000000000000000e+01 1.500000000000000000e+01 1.300000000000000000e+01 1.400000000000000000e+01 1.400000000000000000e+01 1.700000000000000000e+01 1.423000000000000000e+03
1.600000000000000000e+01 1.300000000000000000e+01 1.400000000000000000e+01 1.300000000000000000e+01 1.400000000000000000e+01 1.500000000000000000e+01 1.621000000000000000e+03
1.500000000000000000e+01 1.500000000000000000e+01 1.400000000000000000e+01 1.400000000000000000e+01 1.600000000000000000e+01 1.500000000000000000e+01 1.424000000000000000e+03
1.400000000000000000e+01 1.300000000000000000e+01 1.500000000000000000e+01 1.400000000000000000e+01 1.500000000000000000e+01 1.600000000000000000e+01 1.624000000000000000e+03
1.400000000000000000e+01 1.300000000000000000e+01 1.500000000000000000e+01 1.300000000000000000e+01 1.500000000000000000e+01 1.600000000000000000e+01 1.424000000000000000e+03
1.500000000000000000e+01 1.300000000000000000e+01 1.300000000000000000e+01 1.600000000000000000e+01 1.400000000000000000e+01 1.600000000000000000e+01 1.424000000000000000e+03
1.300000000000000000e+01 1.400000000000000000e+01 1.500000000000000000e+01 1.500000000000000000e+01 1.600000000000000000e+01 1.600000000000000000e+01 1.023000000000000000e+03
1.400000000000000000e+01 1.300000000000000000e+01 1.400000000000000000e+01 1.400000000000000000e+01 1.500000000000000000e+01 1.600000000000000000e+01 1.423000000000000000e+03
1.400000000000000000e+01 1.300000000000000000e+01 1.400000000000000000e+01 1.500000000000000000e+01 1.500000000000000000e+01 1.500000000000000000e+01 1.424000000000000000e+03
1.400000000000000000e+01 1.200000000000000000e+01 1.400000000000000000e+01 1.400000000000000000e+01 1.400000000000000000e+01 1.700000000000000000e+01 1.423000000000000000e+03
1.400000000000000000e+01 1.300000000000000000e+01 1.300000000000000000e+01 1.400000000000000000e+01 1.500000000000000000e+01 1.700000000000000000e+01 1.623000000000000000e+03
1.200000000000000000e+01 1.300000000000000000e+01 1.500000000000000000e+01 1.400000000000000000e+01 1.500000000000000000e+01 1.500000000000000000e+01 1.423000000000000000e+03
1.400000000000000000e+01 1.200000000000000000e+01 1.300000000000000000e+01 1.500000000000000000e+01 1.600000000000000000e+01 1.600000000000000000e+01 1.224000000000000000e+03
1.400000000000000000e+01 1.300000000000000000e+01 1.500000000000000000e+01 1.400000000000000000e+01 1.400000000000000000e+01 1.900000000000000000e+01 1.422000000000000000e+03
1.500000000000000000e+01 1.400000000000000000e+01 1.400000000000000000e+01 1.400000000000000000e+01 1.400000000000000000e+01 1.600000000000000000e+01 1.223000000000000000e+03
1.400000000000000000e+01 1.300000000000000000e+01 1.500000000000000000e+01 1.400000000000000000e+01 1.400000000000000000e+01 1.600000000000000000e+01 1.423000000000000000e+03
1.600000000000000000e+01 1.400000000000000000e+01 1.300000000000000000e+01 1.400000000000000000e+01 1.500000000000000000e+01 1.500000000000000000e+01 1.624000000000000000e+03
