3.024000000000000000e+03
3.422000000000000000e+03
3.624000000000000000e+03
3.222000000000000000e+03
3.223000000000000000e+03
3.023000000000000000e+03
3.224000000000000000e+03
3.222000000000000000e+03
3.223000000000000000e+03
3.223000000000000000e+03
2.624000000000000000e+03
3.222000000000000000e+03
3.622000000000000000e+03
3.024000000000000000e+03
3.424000000000000000e+03
3.423000000000000000e+03
3.422000000000000000e+03
2.821000000000000000e+03
3.623000000000000000e+03
3.223000000000000000e+03
3.223000000000000000e+03
3.224000000000000000e+03
3.022000000000000000e+03
3.423000000000000000e+03
3.821000000000000000e+03
3.423000000000000000e+03
2.223000000000000000e+03
3.622000000000000000e+03
3.223000000000000000e+03
3.422000000000000000e+03
2.821000000000000000e+03
3.423000000000000000e+03
3.224000000000000000e+03
3.022000000000000000e+03
3.024000000000000000e+03
3.022000000000000000e+03
3.424000000000000000e+03
3.224000000000000000e+03
3.422000000000000000e+03
3.422000000000000000e+03
3.223000000000000000e+03
3.223000000000000000e+03
3.622000000000000000e+03
3.424000000000000000e+03
3.621000000000000000e+03
3.424000000000000000e+03
3.024000000000000000e+03
3.224000000000000000e+03
3.224000000000000000e+03
2.423000000000000000e+03
