4.815000000000000000e+03 1.617000000000000000e+03 3.814000000000000000e+03 1.816000000000000000e+03 2.140000000000000000e+02 1.500000000000000000e+01 2.400000000000000000e+01
4.014000000000000000e+03 4.014000000000000000e+03 2.816000000000000000e+03 2.416000000000000000e+03 1.800000000000000000e+01 6.150000000000000000e+02 2.200000000000000000e+01
3.416000000000000000e+03 4.414000000000000000e+03 2.615000000000000000e+03 8.160000000000000000e+02 8.160000000000000000e+02 1.417000000000000000e+03 8.230000000000000000e+02
4.212000000000000000e+03 2.415000000000000000e+03 2.415000000000000000e+03 2.016000000000000000e+03 4.150000000000000000e+02 4.170000000000000000e+02 4.240000000000000000e+02
4.815000000000000000e+03 3.014000000000000000e+03 3.215000000000000000e+03 1.420000000000000000e+03 1.016000000000000000e+03 4.150000000000000000e+02 6.230000000000000000e+02
3.014000000000000000e+03 3.815000000000000000e+03 2.617000000000000000e+03 1.217000000000000000e+03 6.180000000000000000e+02 2.160000000000000000e+02 6.230000000000000000e+02
4.213000000000000000e+03 3.214000000000000000e+03 2.216000000000000000e+03 3.015000000000000000e+03 1.500000000000000000e+01 2.170000000000000000e+02 4.230000000000000000e+02
2.013000000000000000e+03 3.615000000000000000e+03 1.616000000000000000e+03 2.018000000000000000e+03 8.150000000000000000e+02 2.170000000000000000e+02 2.300000000000000000e+01
4.015000000000000000e+03 3.214000000000000000e+03 2.216000000000000000e+03 1.616000000000000000e+03 2.160000000000000000e+02 1.700000000000000000e+01 6.240000000000000000e+02
4.415000000000000000e+03 3.416000000000000000e+03 1.815000000000000000e+03 1.216000000000000000e+03 1.016000000000000000e+03 1.600000000000000000e+01 6.240000000000000000e+02
3.817000000000000000e+03 2.615000000000000000e+03 2.214000000000000000e+03 1.418000000000000000e+03 1.218000000000000000e+03 1.700000000000000000e+01 4.230000000000000000e+02
3.414000000000000000e+03 4.615000000000000000e+03 2.016000000000000000e+03 2.416000000000000000e+03 8.170000000000000000e+02 2.150000000000000000e+02 6.220000000000000000e+02
3.017000000000000000e+03 2.815000000000000000e+03 3.817000000000000000e+03 8.150000000000000000e+02 4.160000000000000000e+02 1.600000000000000000e+01 8.240000000000000000e+02
3.014000000000000000e+03 3.815000000000000000e+03 2.816000000000000000e+03 1.216000000000000000e+03 2.160000000000000000e+02 1.400000000000000000e+01 2.230000000000000000e+02
4.613000000000000000e+03 4.617000000000000000e+03 2.016000000000000000e+03 3.017000000000000000e+03 2.150000000000000000e+02 1.600000000000000000e+01 2.230000000000000000e+02
5.016000000000000000e+03 2.816000000000000000e+03 3.617000000000000000e+03 6.140000000000000000e+02 4.150000000000000000e+02 2.160000000000000000e+02 6.230000000000000000e+02
4.614000000000000000e+03 3.016000000000000000e+03 2.416000000000000000e+03 1.616000000000000000e+03 1.016000000000000000e+03 2.150000000000000000e+02 2.240000000000000000e+02
4.216000000000000000e+03 4.619000000000000000e+03 3.416000000000000000e+03 1.616000000000000000e+03 8.180000000000000000e+02 4.170000000000000000e+02 2.300000000000000000e+01
3.015000000000000000e+03 4.015000000000000000e+03 2.416000000000000000e+03 1.216000000000000000e+03 4.160000000000000000e+02 4.170000000000000000e+02 2.230000000000000000e+02
4.013000000000000000e+03 5.014000000000000000e+03 2.613000000000000000e+03 2.416000000000000000e+03 4.160000000000000000e+02 1.600000000000000000e+01 4.240000000000000000e+02
3.015000000000000000e+03 2.814000000000000000e+03 2.215000000000000000e+03 1.018000000000000000e+03 8.160000000000000000e+02 1.600000000000000000e+01 8.220000000000000000e+02
2.412000000000000000e+03 4.217000000000000000e+03 4.018000000000000000e+03 8.170000000000000000e+02 4.170000000000000000e+02 1.700000000000000000e+01 4.240000000000000000e+02
2.015000000000000000e+03 4.417000000000000000e+03 1.816000000000000000e+03 1.815000000000000000e+03 6.130000000000000000e+02 1.600000000000000000e+01 6.240000000000000000e+02
3.815000000000000000e+03 4.016000000000000000e+03 3.015000000000000000e+03 2.216000000000000000e+03 4.160000000000000000e+02 2.180000000000000000e+02 8.200000000000000000e+02
6.014000000000000000e+03 3.216000000000000000e+03 3.416000000000000000e+03 2.617000000000000000e+03 6.170000000000000000e+02 4.160000000000000000e+02 4.210000000000000000e+02
3.815000000000000000e+03 3.815000000000000000e+03 4.016000000000000000e+03 3.016000000000000000e+03 2.180000000000000000e+02 2.150000000000000000e+02 6.220000000000000000e+02
3.415000000000000000e+03 3.217000000000000000e+03 1.616000000000000000e+03 1.218000000000000000e+03 1.500000000000000000e+01 1.700000000000000000e+01 4.230000000000000000e+02
3.212000000000000000e+03 3.614000000000000000e+03 3.815000000000000000e+03 1.217000000000000000e+03 2.160000000000000000e+02 1.700000000000000000e+01 6.220000000000000000e+02
3.613000000000000000e+03 3.416000000000000000e+03 3.817000000000000000e+03 8.150000000000000000e+02 6.170000000000000000e+02 1.300000000000000000e+01 2.240000000000000000e+02
3.215000000000000000e+03 3.816000000000000000e+03 1.814000000000000000e+03 1.816000000000000000e+03 1.016000000000000000e+03 1.500000000000000000e+01 6.230000000000000000e+02
3.015000000000000000e+03 4.215000000000000000e+03 2.618000000000000000e+03 1.417000000000000000e+03 4.160000000000000000e+02 4.180000000000000000e+02 8.230000000000000000e+02
5.214000000000000000e+03 4.414000000000000000e+03 2.017000000000000000e+03 3.017000000000000000e+03 4.180000000000000000e+02 1.400000000000000000e+01 6.230000000000000000e+02
3.013000000000000000e+03 4.617000000000000000e+03 1.816000000000000000e+03 1.616000000000000000e+03 4.170000000000000000e+02 2.160000000000000000e+02 2.240000000000000000e+02
3.216000000000000000e+03 1.815000000000000000e+03 2.416000000000000000e+03 3.217000000000000000e+03 1.700000000000000000e+01 1.600000000000000000e+01 6.230000000000000000e+02
3.015000000000000000e+03 4.414000000000000000e+03 2.816000000000000000e+03 2.815000000000000000e+03 1.017000000000000000e+03 1.017000000000000000e+03 8.230000000000000000e+02
3.015000000000000000e+03 4.615000000000000000e+03 3.420000000000000000e+03 1.615000000000000000e+03 1.900000000000000000e+01 1.600000000000000000e+01 6.210000000000000000e+02
6.613000000000000000e+03 3.416000000000000000e+03 3.017000000000000000e+03 1.616000000000000000e+03 4.140000000000000000e+02 1.700000000000000000e+01 4.240000000000000000e+02
4.213000000000000000e+03 3.017000000000000000e+03 2.415000000000000000e+03 1.216000000000000000e+03 1.600000000000000000e+01 1.500000000000000000e+01 6.230000000000000000e+02
4.414000000000000000e+03 2.816000000000000000e+03 3.616000000000000000e+03 1.618000000000000000e+03 8.150000000000000000e+02 4.160000000000000000e+02 2.400000000000000000e+01
6.614000000000000000e+03 1.215000000000000000e+03 1.816000000000000000e+03 1.214000000000000000e+03 1.300000000000000000e+01 2.160000000000000000e+02 2.230000000000000000e+02
4.014000000000000000e+03 4.216000000000000000e+03 3.415000000000000000e+03 6.160000000000000000e+02 1.017000000000000000e+03 1.500000000000000000e+01 6.230000000000000000e+02
4.014000000000000000e+03 3.615000000000000000e+03 2.616000000000000000e+03 1.616000000000000000e+03 1.016000000000000000e+03 2.160000000000000000e+02 2.230000000000000000e+02
3.812000000000000000e+03 3.414000000000000000e+03 2.417000000000000000e+03 2.016000000000000000e+03 2.150000000000000000e+02 1.500000000000000000e+01 2.240000000000000000e+02
3.414000000000000000e+03 4.017000000000000000e+03 2.815000000000000000e+03 2.016000000000000000e+03 1.018000000000000000e+03 1.500000000000000000e+01 4.230000000000000000e+02
2.814000000000000000e+03 2.616000000000000000e+03 2.415000000000000000e+03 1.417000000000000000e+03 4.180000000000000000e+02 1.600000000000000000e+01 2.210000000000000000e+02
4.614000000000000000e+03 3.214000000000000000e+03 2.617000000000000000e+03 1.617000000000000000e+03 4.180000000000000000e+02 1.500000000000000000e+01 1.022000000000000000e+03
3.214000000000000000e+03 2.213000000000000000e+03 2.217000000000000000e+03 2.416000000000000000e+03 4.160000000000000000e+02 1.800000000000000000e+01 4.220000000000000000e+02
2.615000000000000000e+03 3.617000000000000000e+03 1.816000000000000000e+03 1.413000000000000000e+03 8.170000000000000000e+02 4.140000000000000000e+02 8.220000000000000000e+02
3.615000000000000000e+03 3.816000000000000000e+03 2.218000000000000000e+03 1.416000000000000000e+03 4.160000000000000000e+02 2.140000000000000000e+02 4.240000000000000000e+02
3.414000000000000000e+03 4.215000000000000000e+03 3.815000000000000000e+03 3.215000000000000000e+03 1.700000000000000000e+01 4.150000000000000000e+02 8.240000000000000000e+02
