4.624000000000000000e+03 3.816000000000000000e+03 1.616000000000000000e+03 8.160000000000000000e+02 2.216000000000000000e+03 1.017000000000000000e+03 1.416000000000000000e+03 1.016000000000000000e+03 1.217000000000000000e+03
2.215000000000000000e+03 2.216000000000000000e+03 3.018000000000000000e+03 2.417000000000000000e+03 1.818000000000000000e+03 1.815000000000000000e+03 2.016000000000000000e+03 2.016000000000000000e+03 1.016000000000000000e+03
4.017000000000000000e+03 2.816000000000000000e+03 3.215000000000000000e+03 3.616000000000000000e+03 8.160000000000000000e+02 8.160000000000000000e+02 1.617000000000000000e+03 8.160000000000000000e+02 1.017000000000000000e+03
4.217000000000000000e+03 2.616000000000000000e+03 3.017000000000000000e+03 2.616000000000000000e+03 2.415000000000000000e+03 1.617000000000000000e+03 1.618000000000000000e+03 1.416000000000000000e+03 1.216000000000000000e+03
4.616000000000000000e+03 3.817000000000000000e+03 3.416000000000000000e+03 1.215000000000000000e+03 2.417000000000000000e+03 3.016000000000000000e+03 1.015000000000000000e+03 1.817000000000000000e+03 1.616000000000000000e+03
2.216000000000000000e+03 4.615000000000000000e+03 1.617000000000000000e+03 2.815000000000000000e+03 1.216000000000000000e+03 3.617000000000000000e+03 1.217000000000000000e+03 8.170000000000000000e+02 2.217000000000000000e+03
3.817000000000000000e+03 3.218000000000000000e+03 2.817000000000000000e+03 1.814000000000000000e+03 1.217000000000000000e+03 2.016000000000000000e+03 1.418000000000000000e+03 1.817000000000000000e+03 2.416000000000000000e+03
3.617000000000000000e+03 2.216000000000000000e+03 3.617000000000000000e+03 3.017000000000000000e+03 1.217000000000000000e+03 1.816000000000000000e+03 8.160000000000000000e+02 1.217000000000000000e+03 1.416000000000000000e+03
3.217000000000000000e+03 3.017000000000000000e+03 3.218000000000000000e+03 1.617000000000000000e+03 2.216000000000000000e+03 1.416000000000000000e+03 8.150000000000000000e+02 1.616000000000000000e+03 1.817000000000000000e+03
4.215000000000000000e+03 3.614000000000000000e+03 2.415000000000000000e+03 3.417000000000000000e+03 2.216000000000000000e+03 1.215000000000000000e+03 1.817000000000000000e+03 1.018000000000000000e+03 4.180000000000000000e+02
3.217000000000000000e+03 2.617000000000000000e+03 2.216000000000000000e+03 2.016000000000000000e+03 2.616000000000000000e+03 1.816000000000000000e+03 1.817000000000000000e+03 1.216000000000000000e+03 2.018000000000000000e+03
2.817000000000000000e+03 2.217000000000000000e+03 1.814000000000000000e+03 2.615000000000000000e+03 1.018000000000000000e+03 2.817000000000000000e+03 1.416000000000000000e+03 6.170000000000000000e+02 1.416000000000000000e+03
3.217000000000000000e+03 2.414000000000000000e+03 1.615000000000000000e+03 1.416000000000000000e+03 1.016000000000000000e+03 2.216000000000000000e+03 2.017000000000000000e+03 2.015000000000000000e+03 1.217000000000000000e+03
4.615000000000000000e+03 2.016000000000000000e+03 1.817000000000000000e+03 1.416000000000000000e+03 2.417000000000000000e+03 1.017000000000000000e+03 1.417000000000000000e+03 2.217000000000000000e+03 1.617000000000000000e+03
2.416000000000000000e+03 3.216000000000000000e+03 2.417000000000000000e+03 1.216000000000000000e+03 3.217000000000000000e+03 2.814000000000000000e+03 1.617000000000000000e+03 1.016000000000000000e+03 2.215000000000000000e+03
3.215000000000000000e+03 2.816000000000000000e+03 1.815000000000000000e+03 1.218000000000000000e+03 1.817000000000000000e+03 2.615000000000000000e+03 2.217000000000000000e+03 1.418000000000000000e+03 1.817000000000000000e+03
3.817000000000000000e+03 3.618000000000000000e+03 1.816000000000000000e+03 1.818000000000000000e+03 2.416000000000000000e+03 1.216000000000000000e+03 6.190000000000000000e+02 8.160000000000000000e+02 6.180000000000000000e+02
4.015000000000000000e+03 1.017000000000000000e+03 1.416000000000000000e+03 2.617000000000000000e+03 2.816000000000000000e+03 1.217000000000000000e+03 1.217000000000000000e+03 1.817000000000000000e+03 1.017000000000000000e+03
3.821000000000000000e+03 1.416000000000000000e+03 2.415000000000000000e+03 2.016000000000000000e+03 3.216000000000000000e+03 2.016000000000000000e+03 1.416000000000000000e+03 3.417000000000000000e+03 1.616000000000000000e+03
4.017000000000000000e+03 3.016000000000000000e+03 2.216000000000000000e+03 1.216000000000000000e+03 1.016000000000000000e+03 2.217000000000000000e+03 4.150000000000000000e+02 1.416000000000000000e+03 4.160000000000000000e+02
3.615000000000000000e+03 3.616000000000000000e+03 2.617000000000000000e+03 2.617000000000000000e+03 1.815000000000000000e+03 2.217000000000000000e+03 1.015000000000000000e+03 1.017000000000000000e+03 1.216000000000000000e+03
3.815000000000000000e+03 2.616000000000000000e+03 1.816000000000000000e+03 2.216000000000000000e+03 2.416000000000000000e+03 1.816000000000000000e+03 2.217000000000000000e+03 1.619000000000000000e+03 2.215000000000000000e+03
3.616000000000000000e+03 3.416000000000000000e+03 1.016000000000000000e+03 1.816000000000000000e+03 1.415000000000000000e+03 1.218000000000000000e+03 8.180000000000000000e+02 1.417000000000000000e+03 1.818000000000000000e+03
2.817000000000000000e+03 3.616000000000000000e+03 2.216000000000000000e+03 2.016000000000000000e+03 1.217000000000000000e+03 1.816000000000000000e+03 2.618000000000000000e+03 2.616000000000000000e+03 8.160000000000000000e+02
5.214000000000000000e+03 2.814000000000000000e+03 2.417000000000000000e+03 3.017000000000000000e+03 2.416000000000000000e+03 2.217000000000000000e+03 1.417000000000000000e+03 1.817000000000000000e+03 2.416000000000000000e+03
2.816000000000000000e+03 3.414000000000000000e+03 2.615000000000000000e+03 2.015000000000000000e+03 2.416000000000000000e+03 2.214000000000000000e+03 1.418000000000000000e+03 1.215000000000000000e+03 8.160000000000000000e+02
4.615000000000000000e+03 4.016000000000000000e+03 2.616000000000000000e+03 2.015000000000000000e+03 2.216000000000000000e+03 2.016000000000000000e+03 1.017000000000000000e+03 8.160000000000000000e+02 2.017000000000000000e+03
3.818000000000000000e+03 3.215000000000000000e+03 2.216000000000000000e+03 2.017000000000000000e+03 1.616000000000000000e+03 1.417000000000000000e+03 2.017000000000000000e+03 8.160000000000000000e+02 8.160000000000000000e+02
2.816000000000000000e+03 4.617000000000000000e+03 3.816000000000000000e+03 2.616000000000000000e+03 2.216000000000000000e+03 8.170000000000000000e+02 2.218000000000000000e+03 1.417000000000000000e+03 1.217000000000000000e+03
2.816000000000000000e+03 2.214000000000000000e+03 2.817000000000000000e+03 1.415000000000000000e+03 2.016000000000000000e+03 1.217000000000000000e+03 1.815000000000000000e+03 2.216000000000000000e+03 4.140000000000000000e+02
4.615000000000000000e+03 3.217000000000000000e+03 2.616000000000000000e+03 8.150000000000000000e+02 3.016000000000000000e+03 2.217000000000000000e+03 1.017000000000000000e+03 4.160000000000000000e+02 1.015000000000000000e+03
4.416000000000000000e+03 3.016000000000000000e+03 3.016000000000000000e+03 2.216000000000000000e+03 1.417000000000000000e+03 3.215000000000000000e+03 1.416000000000000000e+03 2.416000000000000000e+03 2.016000000000000000e+03
3.016000000000000000e+03 3.618000000000000000e+03 2.616000000000000000e+03 2.416000000000000000e+03 2.816000000000000000e+03 2.616000000000000000e+03 2.616000000000000000e+03 4.160000000000000000e+02 1.817000000000000000e+03
3.615000000000000000e+03 2.016000000000000000e+03 1.617000000000000000e+03 2.616000000000000000e+03 1.018000000000000000e+03 3.416000000000000000e+03 1.616000000000000000e+03 1.216000000000000000e+03 1.417000000000000000e+03
3.017000000000000000e+03 2.216000000000000000e+03 2.816000000000000000e+03 3.016000000000000000e+03 2.416000000000000000e+03 2.017000000000000000e+03 1.415000000000000000e+03 4.160000000000000000e+02 8.170000000000000000e+02
3.016000000000000000e+03 1.616000000000000000e+03 2.416000000000000000e+03 2.216000000000000000e+03 2.816000000000000000e+03 1.016000000000000000e+03 2.417000000000000000e+03 1.617000000000000000e+03 1.215000000000000000e+03
3.815000000000000000e+03 4.215000000000000000e+03 3.218000000000000000e+03 1.616000000000000000e+03 3.015000000000000000e+03 6.170000000000000000e+02 8.150000000000000000e+02 1.615000000000000000e+03 1.016000000000000000e+03
4.017000000000000000e+03 2.017000000000000000e+03 2.816000000000000000e+03 2.417000000000000000e+03 2.016000000000000000e+03 1.217000000000000000e+03 1.416000000000000000e+03 1.417000000000000000e+03 1.418000000000000000e+03
3.217000000000000000e+03 4.216000000000000000e+03 3.418000000000000000e+03 2.016000000000000000e+03 1.416000000000000000e+03 1.416000000000000000e+03 1.615000000000000000e+03 1.617000000000000000e+03 1.616000000000000000e+03
3.417000000000000000e+03 4.015000000000000000e+03 3.417000000000000000e+03 1.216000000000000000e+03 1.216000000000000000e+03 1.215000000000000000e+03 2.618000000000000000e+03 8.160000000000000000e+02 2.015000000000000000e+03
1.615000000000000000e+03 2.016000000000000000e+03 2.615000000000000000e+03 3.016000000000000000e+03 1.614000000000000000e+03 1.416000000000000000e+03 8.170000000000000000e+02 1.818000000000000000e+03 1.017000000000000000e+03
5.617000000000000000e+03 1.815000000000000000e+03 3.416000000000000000e+03 1.217000000000000000e+03 1.417000000000000000e+03 2.415000000000000000e+03 3.016000000000000000e+03 1.416000000000000000e+03 2.216000000000000000e+03
3.217000000000000000e+03 3.416000000000000000e+03 2.815000000000000000e+03 1.617000000000000000e+03 1.216000000000000000e+03 8.150000000000000000e+02 1.216000000000000000e+03 1.416000000000000000e+03 2.170000000000000000e+02
1.817000000000000000e+03 2.218000000000000000e+03 3.418000000000000000e+03 2.818000000000000000e+03 1.414000000000000000e+03 1.615000000000000000e+03 8.150000000000000000e+02 1.614000000000000000e+03 1.615000000000000000e+03
3.614000000000000000e+03 1.816000000000000000e+03 1.815000000000000000e+03 2.218000000000000000e+03 3.617000000000000000e+03 2.817000000000000000e+03 2.016000000000000000e+03 1.217000000000000000e+03 1.017000000000000000e+03
2.017000000000000000e+03 2.815000000000000000e+03 2.416000000000000000e+03 1.217000000000000000e+03 2.016000000000000000e+03 1.417000000000000000e+03 1.817000000000000000e+03 1.617000000000000000e+03 1.414000000000000000e+03
1.414000000000000000e+03 3.615000000000000000e+03 2.214000000000000000e+03 1.816000000000000000e+03 2.016000000000000000e+03 3.016000000000000000e+03 2.016000000000000000e+03 1.616000000000000000e+03 2.417000000000000000e+03
4.018000000000000000e+03 3.015000000000000000e+03 2.417000000000000000e+03 3.016000000000000000e+03 2.417000000000000000e+03 1.416000000000000000e+03 2.218000000000000000e+03 1.418000000000000000e+03 2.016000000000000000e+03
5.017000000000000000e+03 2.617000000000000000e+03 3.616000000000000000e+03 8.180000000000000000e+02 8.160000000000000000e+02 1.817000000000000000e+03 1.817000000000000000e+03 1.016000000000000000e+03 1.817000000000000000e+03
2.216000000000000000e+03 2.617000000000000000e+03 2.416000000000000000e+03 2.016000000000000000e+03 2.416000000000000000e+03 1.415000000000000000e+03 6.160000000000000000e+02 1.417000000000000000e+03 1.817000000000000000e+03
