1.200000000000000000e+01 1.400000000000000000e+01 1.600000000000000000e+01 1.400000000000000000e+01 1.300000000000000000e+01 1.600000000000000000e+01 2.230000000000000000e+02
1.300000000000000000e+01 1.300000000000000000e+01 1.500000000000000000e+01 1.400000000000000000e+01 1.500000000000000000e+01 1.500000000000000000e+01 2.300000000000000000e+01
1.500000000000000000e+01 1.400000000000000000e+01 1.300000000000000000e+01 1.500000000000000000e+01 1.700000000000000000e+01 1.600000000000000000e+01 6.230000000000000000e+02
1.300000000000000000e+01 1.200000000000000000e+01 1.300000000000000000e+01 1.400000000000000000e+01 1.500000000000000000e+01 1.500000000000000000e+01 2.400000000000000000e+01
1.300000000000000000e+01 1.300000000000000000e+01 1.300000000000000000e+01 1.400000000000000000e+01 1.300000000000000000e+01 1.600000000000000000e+01 2.230000000000000000e+02
1.300000000000000000e+01 1.400000000000000000e+01 1.300000000000000000e+01 1.500000000000000000e+01 1.400000000000000000e+01 1.400000000000000000e+01 2.300000000000000000e+01
1.300000000000000000e+01 1.300000000000000000e+01 1.300000000000000000e+01 1.200000000000000000e+01 1.400000000000000000e+01 1.500000000000000000e+01 2.240000000000000000e+02
1.300000000000000000e+01 1.300000000000000000e+01 1.300000000000000000e+01 1.300000000000000000e+01 1.600000000000000000e+01 1.400000000000000000e+01 4.240000000000000000e+02
1.300000000000000000e+01 1.400000000000000000e+01 1.500000000000000000e+01 1.400000000000000000e+01 1.400000000000000000e+01 1.600000000000000000e+01 2.300000000000000000e+01
1.200000000000000000e+01 1.500000000000000000e+01 1.500000000000000000e+01 1.300000000000000000e+01 1.500000000000000000e+01 1.600000000000000000e+01 2.220000000000000000e+02
1.400000000000000000e+01 1.300000000000000000e+01 1.300000000000000000e+01 1.300000000000000000e+01 1.400000000000000000e+01 1.400000000000000000e+01 2.240000000000000000e+02
1.300000000000000000e+01 1.200000000000000000e+01 1.400000000000000000e+01 1.400000000000000000e+01 1.400000000000000000e+01 1.600000000000000000e+01 2.400000000000000000e+01
1.200000000000000000e+01 1.300000000000000000e+01 1.300000000000000000e+01 1.300000000000000000e+01 1.400000000000000000e+01 1.600000000000000000e+01 2.240000000000000000e+02
1.400000000000000000e+01 1.400000000000000000e+01 1.400000000000000000e+01 1.400000000000000000e+01 1.300000000000000000e+01 1.500000000000000000e+01 2.230000000000000000e+02
1.300000000000000000e+01 1.300000000000000000e+01 1.400000000000000000e+01 1.200000000000000000e+01 1.400000000000000000e+01 1.600000000000000000e+01 2.230000000000000000e+02
1.300000000000000000e+01 1.200000000000000000e+01 1.400000000000000000e+01 1.300000000000000000e+01 1.300000000000000000e+01 1.500000000000000000e+01 2.300000000000000000e+01
1.300000000000000000e+01 1.300000000000000000e+01 1.400000000000000000e+01 1.300000000000000000e+01 1.300000000000000000e+01 1.600000000000000000e+01 2.400000000000000000e+01
1.300000000000000000e+01 1.300000000000000000e+01 1.300000000000000000e+01 1.300000000000000000e+01 1.500000000000000000e+01 1.300000000000000000e+01 2.300000000000000000e+01
1.200000000000000000e+01 1.400000000000000000e+01 1.400000000000000000e+01 1.400000000000000000e+01 1.400000000000000000e+01 1.500000000000000000e+01 2.300000000000000000e+01
1.200000000000000000e+01 1.400000000000000000e+01 1.400000000000000000e+01 1.400000000000000000e+01 1.400000000000000000e+01 1.700000000000000000e+01 2.240000000000000000e+02
1.200000000000000000e+01 1.200000000000000000e+01 1.300000000000000000e+01 1.200000000000000000e+01 1.300000000000000000e+01 1.400000000000000000e+01 2.300000000000000000e+01
1.200000000000000000e+01 1.400000000000000000e+01 1.400000000000000000e+01 1.500000000000000000e+01 1.500000000000000000e+01 1.500000000000000000e+01 2.400000000000000000e+01
1.200000000000000000e+01 1.300000000000000000e+01 1.300000000000000000e+01 1.400000000000000000e+01 1.400000000000000000e+01 1.500000000000000000e+01 2.230000000000000000e+02
1.300000000000000000e+01 1.200000000000000000e+01 1.400000000000000000e+01 1.400000000000000000e+01 1.500000000000000000e+01 1.700000000000000000e+01 2.200000000000000000e+01
1.400000000000000000e+01 1.300000000000000000e+01 1.400000000000000000e+01 1.500000000000000000e+01 1.400000000000000000e+01 1.500000000000000000e+01 6.220000000000000000e+02
1.300000000000000000e+01 1.300000000000000000e+01 1.400000000000000000e+01 1.400000000000000000e+01 1.600000000000000000e+01 1.600000000000000000e+01 2.230000000000000000e+02
1.200000000000000000e+01 1.300000000000000000e+01 1.400000000000000000e+01 1.300000000000000000e+01 1.400000000000000000e+01 1.500000000000000000e+01 4.230000000000000000e+02
1.200000000000000000e+01 1.400000000000000000e+01 1.200000000000000000e+01 1.400000000000000000e+01 1.300000000000000000e+01 1.400000000000000000e+01 2.220000000000000000e+02
1.300000000000000000e+01 1.300000000000000000e+01 1.400000000000000000e+01 1.400000000000000000e+01 1.500000000000000000e+01 1.500000000000000000e+01 2.230000000000000000e+02
1.200000000000000000e+01 1.300000000000000000e+01 1.300000000000000000e+01 1.500000000000000000e+01 1.300000000000000000e+01 1.500000000000000000e+01 2.300000000000000000e+01
1.400000000000000000e+01 1.500000000000000000e+01 1.400000000000000000e+01 1.400000000000000000e+01 1.500000000000000000e+01 1.700000000000000000e+01 2.300000000000000000e+01
1.400000000000000000e+01 1.400000000000000000e+01 1.300000000000000000e+01 1.500000000000000000e+01 1.700000000000000000e+01 1.400000000000000000e+01 2.230000000000000000e+02
1.200000000000000000e+01 1.400000000000000000e+01 1.400000000000000000e+01 1.400000000000000000e+01 1.400000000000000000e+01 1.700000000000000000e+01 2.220000000000000000e+02
1.300000000000000000e+01 1.200000000000000000e+01 1.500000000000000000e+01 1.300000000000000000e+01 1.500000000000000000e+01 1.700000000000000000e+01 2.300000000000000000e+01
1.300000000000000000e+01 1.400000000000000000e+01 1.400000000000000000e+01 1.300000000000000000e+01 1.400000000000000000e+01 1.700000000000000000e+01 6.230000000000000000e+02
1.300000000000000000e+01 1.300000000000000000e+01 1.300000000000000000e+01 1.300000000000000000e+01 1.500000000000000000e+01 1.500000000000000000e+01 2.240000000000000000e+02
1.200000000000000000e+01 1.400000000000000000e+01 1.400000000000000000e+01 1.400000000000000000e+01 1.400000000000000000e+01 1.600000000000000000e+01 2.240000000000000000e+02
1.400000000000000000e+01 1.300000000000000000e+01 1.400000000000000000e+01 1.200000000000000000e+01 1.600000000000000000e+01 1.500000000000000000e+01 2.240000000000000000e+02
1.300000000000000000e+01 1.300000000000000000e+01 1.400000000000000000e+01 1.500000000000000000e+01 1.500000000000000000e+01 1.500000000000000000e+01 2.230000000000000000e+02
1.300000000000000000e+01 1.300000000000000000e+01 1.500000000000000000e+01 1.400000000000000000e+01 1.300000000000000000e+01 1.500000000000000000e+01 2.240000000000000000e+02
1.200000000000000000e+01 1.300000000000000000e+01 1.300000000000000000e+01 1.300000000000000000e+01 1.500000000000000000e+01 1.500000000000000000e+01 2.200000000000000000e+01
1.200000000000000000e+01 1.400000000000000000e+01 1.400000000000000000e+01 1.200000000000000000e+01 1.400000000000000000e+01 1.600000000000000000e+01 2.230000000000000000e+02
1.200000000000000000e+01 1.300000000000000000e+01 1.300000000000000000e+01 1.400000000000000000e+01 1.400000000000000000e+01 1.300000000000000000e+01 2.230000000000000000e+02
1.200000000000000000e+01 1.300000000000000000e+01 1.300000000000000000e+01 1.300000000000000000e+01 1.300000000000000000e+01 1.500000000000000000e+01 2.300000000000000000e+01
1.200000000000000000e+01 1.300000000000000000e+01 1.400000000000000000e+01 1.400000000000000000e+01 1.400000000000000000e+01 1.500000000000000000e+01 2.200000000000000000e+01
1.300000000000000000e+01 1.300000000000000000e+01 1.300000000000000000e+01 1.300000000000000000e+01 1.400000000000000000e+01 1.500000000000000000e+01 2.230000000000000000e+02
1.400000000000000000e+01 1.300000000000000000e+01 1.300000000000000000e+01 1.400000000000000000e+01 1.300000000000000000e+01 1.600000000000000000e+01 4.240000000000000000e+02
1.400000000000000000e+01 1.400000000000000000e+01 1.400000000000000000e+01 1.400000000000000000e+01 1.600000000000000000e+01 1.700000000000000000e+01 4.230000000000000000e+02
1.200000000000000000e+01 1.300000000000000000e+01 1.300000000000000000e+01 1.400000000000000000e+01 1.300000000000000000e+01 1.500000000000000000e+01 2.230000000000000000e+02
1.200000000000000000e+01 1.200000000000000000e+01 1.300000000000000000e+01 1.400000000000000000e+01 1.500000000000000000e+01 1.500000000000000000e+01 4.220000000000000000e+02
